[INFO] 16:56:01:286 logControlDeDistribucion/(10266:10611): NO HAY SET PREVIO DE ESTA CLAVE
[INFO] 16:56:01:286 logControlDeDistribucion/(10266:10611): el socket de la instancia elegida es 10
[INFO] 16:56:01:297 logControlDeDistribucion/(10266:10611): Set enviado a Instancia:   10
[INFO] 16:56:01:575 logControlDeDistribucion/(10266:10611): HAY SET PREVIO DE ESTA CLAVE, LA CLAVE ESTÁ EN EL SOCKET: 10
[INFO] 16:56:01:615 logControlDeDistribucion/(10266:10611): Set enviado a Instancia:   10
[INFO] 16:56:01:871 logControlDeDistribucion/(10266:10611): HAY SET PREVIO DE ESTA CLAVE, LA CLAVE ESTÁ EN EL SOCKET: 10
[INFO] 16:56:01:912 logControlDeDistribucion/(10266:10611): Set enviado a Instancia:   10
[INFO] 16:56:02:162 logControlDeDistribucion/(10266:10611): HAY SET PREVIO DE ESTA CLAVE, LA CLAVE ESTÁ EN EL SOCKET: 10
[INFO] 16:56:02:204 logControlDeDistribucion/(10266:10611): Set enviado a Instancia:   10
[INFO] 16:56:02:447 logControlDeDistribucion/(10266:10611): HAY SET PREVIO DE ESTA CLAVE, LA CLAVE ESTÁ EN EL SOCKET: 10
[INFO] 16:56:02:491 logControlDeDistribucion/(10266:10611): Set enviado a Instancia:   10
[INFO] 16:56:02:739 logControlDeDistribucion/(10266:10611): HAY SET PREVIO DE ESTA CLAVE, LA CLAVE ESTÁ EN EL SOCKET: 10
[INFO] 16:56:02:779 logControlDeDistribucion/(10266:10611): Set enviado a Instancia:   10
[INFO] 16:56:03:30 logControlDeDistribucion/(10266:10611): NO HAY SET PREVIO DE ESTA CLAVE
[INFO] 16:56:03:30 logControlDeDistribucion/(10266:10611): el socket de la instancia elegida es 10
[INFO] 16:56:03:72 logControlDeDistribucion/(10266:10611): Set enviado a Instancia:   10
[INFO] 16:56:03:328 logControlDeDistribucion/(10266:10611): HAY SET PREVIO DE ESTA CLAVE, LA CLAVE ESTÁ EN EL SOCKET: 10
[INFO] 16:56:03:369 logControlDeDistribucion/(10266:10611): Set enviado a Instancia:   10
[INFO] 16:56:03:613 logControlDeDistribucion/(10266:10611): HAY SET PREVIO DE ESTA CLAVE, LA CLAVE ESTÁ EN EL SOCKET: 10
[INFO] 16:56:03:658 logControlDeDistribucion/(10266:10611): Set enviado a Instancia:   10
[INFO] 16:56:03:899 logControlDeDistribucion/(10266:10611): HAY SET PREVIO DE ESTA CLAVE, LA CLAVE ESTÁ EN EL SOCKET: 10
[INFO] 16:56:03:941 logControlDeDistribucion/(10266:10611): Set enviado a Instancia:   10
[INFO] 16:56:04:191 logControlDeDistribucion/(10266:10611): HAY SET PREVIO DE ESTA CLAVE, LA CLAVE ESTÁ EN EL SOCKET: 10
[INFO] 16:56:04:231 logControlDeDistribucion/(10266:10611): Set enviado a Instancia:   10
[INFO] 16:56:04:470 logControlDeDistribucion/(10266:10611): HAY SET PREVIO DE ESTA CLAVE, LA CLAVE ESTÁ EN EL SOCKET: 10
[INFO] 16:56:04:512 logControlDeDistribucion/(10266:10611): Set enviado a Instancia:   10
[INFO] 16:56:04:755 logControlDeDistribucion/(10266:10611): HAY SET PREVIO DE ESTA CLAVE, LA CLAVE ESTÁ EN EL SOCKET: 10
[INFO] 16:56:04:802 logControlDeDistribucion/(10266:10611): Set enviado a Instancia:   10
[INFO] 16:56:05:47 logControlDeDistribucion/(10266:10611): HAY SET PREVIO DE ESTA CLAVE, LA CLAVE ESTÁ EN EL SOCKET: 10
[INFO] 16:56:05:89 logControlDeDistribucion/(10266:10611): Set enviado a Instancia:   10
[INFO] 16:56:05:341 logControlDeDistribucion/(10266:10611): HAY SET PREVIO DE ESTA CLAVE, LA CLAVE ESTÁ EN EL SOCKET: 10
[INFO] 16:56:05:379 logControlDeDistribucion/(10266:10611): Set enviado a Instancia:   10
[INFO] 16:56:05:618 logControlDeDistribucion/(10266:10611): HAY SET PREVIO DE ESTA CLAVE, LA CLAVE ESTÁ EN EL SOCKET: 10
[INFO] 16:56:05:659 logControlDeDistribucion/(10266:10611): Set enviado a Instancia:   10
[INFO] 16:56:05:943 logControlDeDistribucion/(10266:10611): las entradas ocupadas por instancia  10 son 2
[INFO] 16:56:06:235 logControlDeDistribucion/(10266:10611): las entradas ocupadas por instancia  10 son 2
[INFO] 17:03:29:474 logControlDeDistribucion/(10927:10939): NO HAY SET PREVIO DE ESTA CLAVE
[INFO] 17:03:29:474 logControlDeDistribucion/(10927:10939): el socket de la instancia elegida es 10
[INFO] 17:03:29:477 logControlDeDistribucion/(10927:10939): Set enviado a Instancia:   10
[INFO] 17:03:29:755 logControlDeDistribucion/(10927:10939): HAY SET PREVIO DE ESTA CLAVE, LA CLAVE ESTÁ EN EL SOCKET: 10
[INFO] 17:03:29:796 logControlDeDistribucion/(10927:10939): Set enviado a Instancia:   10
[INFO] 17:03:30:42 logControlDeDistribucion/(10927:10939): HAY SET PREVIO DE ESTA CLAVE, LA CLAVE ESTÁ EN EL SOCKET: 10
[INFO] 17:03:30:85 logControlDeDistribucion/(10927:10939): Set enviado a Instancia:   10
[INFO] 17:03:30:342 logControlDeDistribucion/(10927:10939): HAY SET PREVIO DE ESTA CLAVE, LA CLAVE ESTÁ EN EL SOCKET: 10
[INFO] 17:03:30:396 logControlDeDistribucion/(10927:10939): Set enviado a Instancia:   10
[INFO] 17:03:30:642 logControlDeDistribucion/(10927:10939): HAY SET PREVIO DE ESTA CLAVE, LA CLAVE ESTÁ EN EL SOCKET: 10
[INFO] 17:03:30:688 logControlDeDistribucion/(10927:10939): Set enviado a Instancia:   10
[INFO] 17:03:30:931 logControlDeDistribucion/(10927:10939): HAY SET PREVIO DE ESTA CLAVE, LA CLAVE ESTÁ EN EL SOCKET: 10
[INFO] 17:03:30:977 logControlDeDistribucion/(10927:10939): Set enviado a Instancia:   10
[INFO] 17:03:31:250 logControlDeDistribucion/(10927:10939): NO HAY SET PREVIO DE ESTA CLAVE
[INFO] 17:03:31:250 logControlDeDistribucion/(10927:10939): el socket de la instancia elegida es 10
[INFO] 17:03:31:291 logControlDeDistribucion/(10927:10939): Set enviado a Instancia:   10
[INFO] 17:03:31:550 logControlDeDistribucion/(10927:10939): HAY SET PREVIO DE ESTA CLAVE, LA CLAVE ESTÁ EN EL SOCKET: 10
[INFO] 17:03:31:592 logControlDeDistribucion/(10927:10939): Set enviado a Instancia:   10
[INFO] 17:03:31:838 logControlDeDistribucion/(10927:10939): HAY SET PREVIO DE ESTA CLAVE, LA CLAVE ESTÁ EN EL SOCKET: 10
[INFO] 17:03:31:880 logControlDeDistribucion/(10927:10939): Set enviado a Instancia:   10
[INFO] 17:03:32:130 logControlDeDistribucion/(10927:10939): HAY SET PREVIO DE ESTA CLAVE, LA CLAVE ESTÁ EN EL SOCKET: 10
[INFO] 17:03:32:171 logControlDeDistribucion/(10927:10939): Set enviado a Instancia:   10
[INFO] 17:03:32:416 logControlDeDistribucion/(10927:10939): HAY SET PREVIO DE ESTA CLAVE, LA CLAVE ESTÁ EN EL SOCKET: 10
[INFO] 17:03:32:457 logControlDeDistribucion/(10927:10939): Set enviado a Instancia:   10
[INFO] 17:03:32:702 logControlDeDistribucion/(10927:10939): HAY SET PREVIO DE ESTA CLAVE, LA CLAVE ESTÁ EN EL SOCKET: 10
[INFO] 17:03:32:745 logControlDeDistribucion/(10927:10939): Set enviado a Instancia:   10
[INFO] 17:03:32:990 logControlDeDistribucion/(10927:10939): HAY SET PREVIO DE ESTA CLAVE, LA CLAVE ESTÁ EN EL SOCKET: 10
[INFO] 17:03:33:32 logControlDeDistribucion/(10927:10939): Set enviado a Instancia:   10
[INFO] 17:03:33:283 logControlDeDistribucion/(10927:10939): HAY SET PREVIO DE ESTA CLAVE, LA CLAVE ESTÁ EN EL SOCKET: 10
[INFO] 17:03:33:323 logControlDeDistribucion/(10927:10939): Set enviado a Instancia:   10
[INFO] 17:03:33:567 logControlDeDistribucion/(10927:10939): HAY SET PREVIO DE ESTA CLAVE, LA CLAVE ESTÁ EN EL SOCKET: 10
[INFO] 17:03:33:609 logControlDeDistribucion/(10927:10939): Set enviado a Instancia:   10
[INFO] 17:03:33:850 logControlDeDistribucion/(10927:10939): HAY SET PREVIO DE ESTA CLAVE, LA CLAVE ESTÁ EN EL SOCKET: 10
[INFO] 17:03:33:891 logControlDeDistribucion/(10927:10939): Set enviado a Instancia:   10
[INFO] 17:03:34:175 logControlDeDistribucion/(10927:10939): las entradas ocupadas por instancia  10 son 2
[INFO] 17:03:34:456 logControlDeDistribucion/(10927:10939): las entradas ocupadas por instancia  10 son 2
[INFO] 17:04:16:927 logControlDeDistribucion/(10991:11003): NO HAY SET PREVIO DE ESTA CLAVE
[INFO] 17:04:16:927 logControlDeDistribucion/(10991:11003): el socket de la instancia elegida es 10
[INFO] 17:04:16:928 logControlDeDistribucion/(10991:11003): Set enviado a Instancia:   10
[INFO] 17:04:17:275 logControlDeDistribucion/(10991:11003): HAY SET PREVIO DE ESTA CLAVE, LA CLAVE ESTÁ EN EL SOCKET: 10
[INFO] 17:04:17:316 logControlDeDistribucion/(10991:11003): Set enviado a Instancia:   10
[INFO] 17:04:17:558 logControlDeDistribucion/(10991:11003): HAY SET PREVIO DE ESTA CLAVE, LA CLAVE ESTÁ EN EL SOCKET: 10
[INFO] 17:04:17:600 logControlDeDistribucion/(10991:11003): Set enviado a Instancia:   10
[INFO] 17:04:17:854 logControlDeDistribucion/(10991:11003): HAY SET PREVIO DE ESTA CLAVE, LA CLAVE ESTÁ EN EL SOCKET: 10
[INFO] 17:04:17:894 logControlDeDistribucion/(10991:11003): Set enviado a Instancia:   10
[INFO] 17:04:18:140 logControlDeDistribucion/(10991:11003): HAY SET PREVIO DE ESTA CLAVE, LA CLAVE ESTÁ EN EL SOCKET: 10
[INFO] 17:04:18:185 logControlDeDistribucion/(10991:11003): Set enviado a Instancia:   10
[INFO] 17:04:18:442 logControlDeDistribucion/(10991:11003): HAY SET PREVIO DE ESTA CLAVE, LA CLAVE ESTÁ EN EL SOCKET: 10
[INFO] 17:04:18:484 logControlDeDistribucion/(10991:11003): Set enviado a Instancia:   10
[INFO] 17:04:18:747 logControlDeDistribucion/(10991:11003): NO HAY SET PREVIO DE ESTA CLAVE
[INFO] 17:04:18:747 logControlDeDistribucion/(10991:11003): el socket de la instancia elegida es 10
[INFO] 17:04:18:789 logControlDeDistribucion/(10991:11003): Set enviado a Instancia:   10
[INFO] 17:04:19:30 logControlDeDistribucion/(10991:11003): HAY SET PREVIO DE ESTA CLAVE, LA CLAVE ESTÁ EN EL SOCKET: 10
[INFO] 17:04:19:77 logControlDeDistribucion/(10991:11003): Set enviado a Instancia:   10
[INFO] 17:04:19:339 logControlDeDistribucion/(10991:11003): HAY SET PREVIO DE ESTA CLAVE, LA CLAVE ESTÁ EN EL SOCKET: 10
[INFO] 17:04:19:386 logControlDeDistribucion/(10991:11003): Set enviado a Instancia:   10
[INFO] 17:04:19:646 logControlDeDistribucion/(10991:11003): HAY SET PREVIO DE ESTA CLAVE, LA CLAVE ESTÁ EN EL SOCKET: 10
[INFO] 17:04:19:692 logControlDeDistribucion/(10991:11003): Set enviado a Instancia:   10
[INFO] 17:04:19:942 logControlDeDistribucion/(10991:11003): HAY SET PREVIO DE ESTA CLAVE, LA CLAVE ESTÁ EN EL SOCKET: 10
[INFO] 17:04:19:983 logControlDeDistribucion/(10991:11003): Set enviado a Instancia:   10
[INFO] 17:04:20:243 logControlDeDistribucion/(10991:11003): HAY SET PREVIO DE ESTA CLAVE, LA CLAVE ESTÁ EN EL SOCKET: 10
[INFO] 17:04:20:285 logControlDeDistribucion/(10991:11003): Set enviado a Instancia:   10
[INFO] 17:04:20:534 logControlDeDistribucion/(10991:11003): HAY SET PREVIO DE ESTA CLAVE, LA CLAVE ESTÁ EN EL SOCKET: 10
[INFO] 17:04:20:575 logControlDeDistribucion/(10991:11003): Set enviado a Instancia:   10
[INFO] 17:04:20:823 logControlDeDistribucion/(10991:11003): HAY SET PREVIO DE ESTA CLAVE, LA CLAVE ESTÁ EN EL SOCKET: 10
[INFO] 17:04:20:863 logControlDeDistribucion/(10991:11003): Set enviado a Instancia:   10
[INFO] 17:04:21:108 logControlDeDistribucion/(10991:11003): HAY SET PREVIO DE ESTA CLAVE, LA CLAVE ESTÁ EN EL SOCKET: 10
[INFO] 17:04:21:148 logControlDeDistribucion/(10991:11003): Set enviado a Instancia:   10
[INFO] 17:04:21:391 logControlDeDistribucion/(10991:11003): HAY SET PREVIO DE ESTA CLAVE, LA CLAVE ESTÁ EN EL SOCKET: 10
[INFO] 17:04:21:433 logControlDeDistribucion/(10991:11003): Set enviado a Instancia:   10
[INFO] 17:04:21:743 logControlDeDistribucion/(10991:11003): las entradas ocupadas por instancia  10 son 2
[INFO] 17:04:22:38 logControlDeDistribucion/(10991:11003): las entradas ocupadas por instancia  10 son 2
[INFO] 17:04:50:494 logControlDeDistribucion/(11050:11062): NO HAY SET PREVIO DE ESTA CLAVE
[INFO] 17:04:50:494 logControlDeDistribucion/(11050:11062): el socket de la instancia elegida es 10
[INFO] 17:04:50:497 logControlDeDistribucion/(11050:11062): Set enviado a Instancia:   10
[INFO] 17:04:50:791 logControlDeDistribucion/(11050:11062): HAY SET PREVIO DE ESTA CLAVE, LA CLAVE ESTÁ EN EL SOCKET: 10
[INFO] 17:04:50:832 logControlDeDistribucion/(11050:11062): Set enviado a Instancia:   10
[INFO] 17:04:51:75 logControlDeDistribucion/(11050:11062): HAY SET PREVIO DE ESTA CLAVE, LA CLAVE ESTÁ EN EL SOCKET: 10
[INFO] 17:04:51:126 logControlDeDistribucion/(11050:11062): Set enviado a Instancia:   10
[INFO] 17:04:51:375 logControlDeDistribucion/(11050:11062): HAY SET PREVIO DE ESTA CLAVE, LA CLAVE ESTÁ EN EL SOCKET: 10
[INFO] 17:04:51:416 logControlDeDistribucion/(11050:11062): Set enviado a Instancia:   10
[INFO] 17:04:51:663 logControlDeDistribucion/(11050:11062): HAY SET PREVIO DE ESTA CLAVE, LA CLAVE ESTÁ EN EL SOCKET: 10
[INFO] 17:04:51:702 logControlDeDistribucion/(11050:11062): Set enviado a Instancia:   10
[INFO] 17:04:51:950 logControlDeDistribucion/(11050:11062): HAY SET PREVIO DE ESTA CLAVE, LA CLAVE ESTÁ EN EL SOCKET: 10
[INFO] 17:04:51:992 logControlDeDistribucion/(11050:11062): Set enviado a Instancia:   10
[INFO] 17:04:52:234 logControlDeDistribucion/(11050:11062): NO HAY SET PREVIO DE ESTA CLAVE
[INFO] 17:04:52:234 logControlDeDistribucion/(11050:11062): el socket de la instancia elegida es 10
[INFO] 17:04:52:276 logControlDeDistribucion/(11050:11062): Set enviado a Instancia:   10
[INFO] 17:04:52:519 logControlDeDistribucion/(11050:11062): HAY SET PREVIO DE ESTA CLAVE, LA CLAVE ESTÁ EN EL SOCKET: 10
[INFO] 17:04:52:559 logControlDeDistribucion/(11050:11062): Set enviado a Instancia:   10
[INFO] 17:04:52:803 logControlDeDistribucion/(11050:11062): HAY SET PREVIO DE ESTA CLAVE, LA CLAVE ESTÁ EN EL SOCKET: 10
[INFO] 17:04:52:843 logControlDeDistribucion/(11050:11062): Set enviado a Instancia:   10
[INFO] 17:04:53:90 logControlDeDistribucion/(11050:11062): HAY SET PREVIO DE ESTA CLAVE, LA CLAVE ESTÁ EN EL SOCKET: 10
[INFO] 17:04:53:132 logControlDeDistribucion/(11050:11062): Set enviado a Instancia:   10
[INFO] 17:04:53:375 logControlDeDistribucion/(11050:11062): HAY SET PREVIO DE ESTA CLAVE, LA CLAVE ESTÁ EN EL SOCKET: 10
[INFO] 17:04:53:417 logControlDeDistribucion/(11050:11062): Set enviado a Instancia:   10
[INFO] 17:04:53:663 logControlDeDistribucion/(11050:11062): HAY SET PREVIO DE ESTA CLAVE, LA CLAVE ESTÁ EN EL SOCKET: 10
[INFO] 17:04:53:703 logControlDeDistribucion/(11050:11062): Set enviado a Instancia:   10
[INFO] 17:04:53:947 logControlDeDistribucion/(11050:11062): HAY SET PREVIO DE ESTA CLAVE, LA CLAVE ESTÁ EN EL SOCKET: 10
[INFO] 17:04:53:991 logControlDeDistribucion/(11050:11062): Set enviado a Instancia:   10
[INFO] 17:04:54:234 logControlDeDistribucion/(11050:11062): HAY SET PREVIO DE ESTA CLAVE, LA CLAVE ESTÁ EN EL SOCKET: 10
[INFO] 17:04:54:276 logControlDeDistribucion/(11050:11062): Set enviado a Instancia:   10
[INFO] 17:04:54:518 logControlDeDistribucion/(11050:11062): HAY SET PREVIO DE ESTA CLAVE, LA CLAVE ESTÁ EN EL SOCKET: 10
[INFO] 17:04:54:560 logControlDeDistribucion/(11050:11062): Set enviado a Instancia:   10
[INFO] 17:04:54:802 logControlDeDistribucion/(11050:11062): HAY SET PREVIO DE ESTA CLAVE, LA CLAVE ESTÁ EN EL SOCKET: 10
[INFO] 17:04:54:844 logControlDeDistribucion/(11050:11062): Set enviado a Instancia:   10
[INFO] 17:04:55:131 logControlDeDistribucion/(11050:11062): las entradas ocupadas por instancia  10 son 2
[INFO] 17:04:55:417 logControlDeDistribucion/(11050:11062): las entradas ocupadas por instancia  10 son 2
[INFO] 17:12:27:454 logControlDeDistribucion/(11647:11659): NO HAY SET PREVIO DE ESTA CLAVE
[INFO] 17:12:27:454 logControlDeDistribucion/(11647:11659): el socket de la instancia elegida es 10
[INFO] 17:12:27:455 logControlDeDistribucion/(11647:11659): Set enviado a Instancia:   10
[INFO] 17:12:27:735 logControlDeDistribucion/(11647:11659): HAY SET PREVIO DE ESTA CLAVE, LA CLAVE ESTÁ EN EL SOCKET: 10
[INFO] 17:12:27:775 logControlDeDistribucion/(11647:11659): Set enviado a Instancia:   10
[INFO] 17:12:28:35 logControlDeDistribucion/(11647:11659): HAY SET PREVIO DE ESTA CLAVE, LA CLAVE ESTÁ EN EL SOCKET: 10
[INFO] 17:12:28:75 logControlDeDistribucion/(11647:11659): Set enviado a Instancia:   10
[INFO] 17:12:28:319 logControlDeDistribucion/(11647:11659): HAY SET PREVIO DE ESTA CLAVE, LA CLAVE ESTÁ EN EL SOCKET: 10
[INFO] 17:12:28:360 logControlDeDistribucion/(11647:11659): Set enviado a Instancia:   10
[INFO] 17:12:28:604 logControlDeDistribucion/(11647:11659): HAY SET PREVIO DE ESTA CLAVE, LA CLAVE ESTÁ EN EL SOCKET: 10
[INFO] 17:12:28:646 logControlDeDistribucion/(11647:11659): Set enviado a Instancia:   10
[INFO] 17:12:28:892 logControlDeDistribucion/(11647:11659): HAY SET PREVIO DE ESTA CLAVE, LA CLAVE ESTÁ EN EL SOCKET: 10
[INFO] 17:12:28:932 logControlDeDistribucion/(11647:11659): Set enviado a Instancia:   10
[INFO] 17:12:29:195 logControlDeDistribucion/(11647:11659): NO HAY SET PREVIO DE ESTA CLAVE
[INFO] 17:12:29:195 logControlDeDistribucion/(11647:11659): el socket de la instancia elegida es 10
[INFO] 17:12:29:236 logControlDeDistribucion/(11647:11659): Set enviado a Instancia:   10
[INFO] 17:12:29:482 logControlDeDistribucion/(11647:11659): HAY SET PREVIO DE ESTA CLAVE, LA CLAVE ESTÁ EN EL SOCKET: 10
[INFO] 17:12:29:523 logControlDeDistribucion/(11647:11659): Set enviado a Instancia:   10
[INFO] 17:12:29:766 logControlDeDistribucion/(11647:11659): HAY SET PREVIO DE ESTA CLAVE, LA CLAVE ESTÁ EN EL SOCKET: 10
[INFO] 17:12:29:807 logControlDeDistribucion/(11647:11659): Set enviado a Instancia:   10
[INFO] 17:12:30:50 logControlDeDistribucion/(11647:11659): HAY SET PREVIO DE ESTA CLAVE, LA CLAVE ESTÁ EN EL SOCKET: 10
[INFO] 17:12:30:92 logControlDeDistribucion/(11647:11659): Set enviado a Instancia:   10
[INFO] 17:12:30:346 logControlDeDistribucion/(11647:11659): HAY SET PREVIO DE ESTA CLAVE, LA CLAVE ESTÁ EN EL SOCKET: 10
[INFO] 17:12:30:387 logControlDeDistribucion/(11647:11659): Set enviado a Instancia:   10
[INFO] 17:12:30:635 logControlDeDistribucion/(11647:11659): HAY SET PREVIO DE ESTA CLAVE, LA CLAVE ESTÁ EN EL SOCKET: 10
[INFO] 17:12:30:681 logControlDeDistribucion/(11647:11659): Set enviado a Instancia:   10
[INFO] 17:12:30:935 logControlDeDistribucion/(11647:11659): HAY SET PREVIO DE ESTA CLAVE, LA CLAVE ESTÁ EN EL SOCKET: 10
[INFO] 17:12:30:975 logControlDeDistribucion/(11647:11659): Set enviado a Instancia:   10
[INFO] 17:12:31:219 logControlDeDistribucion/(11647:11659): HAY SET PREVIO DE ESTA CLAVE, LA CLAVE ESTÁ EN EL SOCKET: 10
[INFO] 17:12:31:259 logControlDeDistribucion/(11647:11659): Set enviado a Instancia:   10
[INFO] 17:12:31:511 logControlDeDistribucion/(11647:11659): HAY SET PREVIO DE ESTA CLAVE, LA CLAVE ESTÁ EN EL SOCKET: 10
[INFO] 17:12:31:551 logControlDeDistribucion/(11647:11659): Set enviado a Instancia:   10
[INFO] 17:12:31:794 logControlDeDistribucion/(11647:11659): HAY SET PREVIO DE ESTA CLAVE, LA CLAVE ESTÁ EN EL SOCKET: 10
[INFO] 17:12:31:837 logControlDeDistribucion/(11647:11659): Set enviado a Instancia:   10
[INFO] 17:12:32:119 logControlDeDistribucion/(11647:11659): las entradas ocupadas por instancia  10 son 2
[INFO] 17:12:32:410 logControlDeDistribucion/(11647:11659): las entradas ocupadas por instancia  10 son 2
[INFO] 17:20:25:462 logControlDeDistribucion/(11871:11883): NO HAY SET PREVIO DE ESTA CLAVE
[INFO] 17:20:25:462 logControlDeDistribucion/(11871:11883): el socket de la instancia elegida es 10
[INFO] 17:20:25:464 logControlDeDistribucion/(11871:11883): Set enviado a Instancia:   10
[INFO] 17:20:25:742 logControlDeDistribucion/(11871:11883): HAY SET PREVIO DE ESTA CLAVE, LA CLAVE ESTÁ EN EL SOCKET: 10
[INFO] 17:20:25:782 logControlDeDistribucion/(11871:11883): Set enviado a Instancia:   10
[INFO] 17:20:26:23 logControlDeDistribucion/(11871:11883): HAY SET PREVIO DE ESTA CLAVE, LA CLAVE ESTÁ EN EL SOCKET: 10
[INFO] 17:20:26:64 logControlDeDistribucion/(11871:11883): Set enviado a Instancia:   10
[INFO] 17:20:26:316 logControlDeDistribucion/(11871:11883): HAY SET PREVIO DE ESTA CLAVE, LA CLAVE ESTÁ EN EL SOCKET: 10
[INFO] 17:20:26:356 logControlDeDistribucion/(11871:11883): Set enviado a Instancia:   10
[INFO] 17:20:26:615 logControlDeDistribucion/(11871:11883): HAY SET PREVIO DE ESTA CLAVE, LA CLAVE ESTÁ EN EL SOCKET: 10
[INFO] 17:20:26:656 logControlDeDistribucion/(11871:11883): Set enviado a Instancia:   10
[INFO] 17:20:26:919 logControlDeDistribucion/(11871:11883): HAY SET PREVIO DE ESTA CLAVE, LA CLAVE ESTÁ EN EL SOCKET: 10
[INFO] 17:20:26:959 logControlDeDistribucion/(11871:11883): Set enviado a Instancia:   10
[INFO] 17:20:27:210 logControlDeDistribucion/(11871:11883): NO HAY SET PREVIO DE ESTA CLAVE
[INFO] 17:20:27:210 logControlDeDistribucion/(11871:11883): el socket de la instancia elegida es 10
[INFO] 17:20:27:252 logControlDeDistribucion/(11871:11883): Set enviado a Instancia:   10
[INFO] 17:20:27:491 logControlDeDistribucion/(11871:11883): HAY SET PREVIO DE ESTA CLAVE, LA CLAVE ESTÁ EN EL SOCKET: 10
[INFO] 17:20:27:532 logControlDeDistribucion/(11871:11883): Set enviado a Instancia:   10
[INFO] 17:20:27:803 logControlDeDistribucion/(11871:11883): HAY SET PREVIO DE ESTA CLAVE, LA CLAVE ESTÁ EN EL SOCKET: 10
[INFO] 17:20:27:843 logControlDeDistribucion/(11871:11883): Set enviado a Instancia:   10
[INFO] 17:20:28:91 logControlDeDistribucion/(11871:11883): HAY SET PREVIO DE ESTA CLAVE, LA CLAVE ESTÁ EN EL SOCKET: 10
[INFO] 17:20:28:131 logControlDeDistribucion/(11871:11883): Set enviado a Instancia:   10
[INFO] 17:20:28:379 logControlDeDistribucion/(11871:11883): HAY SET PREVIO DE ESTA CLAVE, LA CLAVE ESTÁ EN EL SOCKET: 10
[INFO] 17:20:28:421 logControlDeDistribucion/(11871:11883): Set enviado a Instancia:   10
[INFO] 17:20:28:686 logControlDeDistribucion/(11871:11883): HAY SET PREVIO DE ESTA CLAVE, LA CLAVE ESTÁ EN EL SOCKET: 10
[INFO] 17:20:28:728 logControlDeDistribucion/(11871:11883): Set enviado a Instancia:   10
[INFO] 17:20:28:971 logControlDeDistribucion/(11871:11883): HAY SET PREVIO DE ESTA CLAVE, LA CLAVE ESTÁ EN EL SOCKET: 10
[INFO] 17:20:29:21 logControlDeDistribucion/(11871:11883): Set enviado a Instancia:   10
[INFO] 17:20:29:266 logControlDeDistribucion/(11871:11883): HAY SET PREVIO DE ESTA CLAVE, LA CLAVE ESTÁ EN EL SOCKET: 10
[INFO] 17:20:29:309 logControlDeDistribucion/(11871:11883): Set enviado a Instancia:   10
[INFO] 17:20:29:558 logControlDeDistribucion/(11871:11883): HAY SET PREVIO DE ESTA CLAVE, LA CLAVE ESTÁ EN EL SOCKET: 10
[INFO] 17:20:29:600 logControlDeDistribucion/(11871:11883): Set enviado a Instancia:   10
[INFO] 17:20:29:851 logControlDeDistribucion/(11871:11883): HAY SET PREVIO DE ESTA CLAVE, LA CLAVE ESTÁ EN EL SOCKET: 10
[INFO] 17:20:29:892 logControlDeDistribucion/(11871:11883): Set enviado a Instancia:   10
[INFO] 17:20:30:181 logControlDeDistribucion/(11871:11883): las entradas ocupadas por instancia  10 son 2
[INFO] 17:20:30:463 logControlDeDistribucion/(11871:11883): las entradas ocupadas por instancia  10 son 2
[INFO] 17:37:21:166 logControlDeDistribucion/(12251:12264): NO HAY SET PREVIO DE ESTA CLAVE
[INFO] 17:37:21:171 logControlDeDistribucion/(12251:12264): el socket de la instancia elegida es 10
[INFO] 17:37:21:194 logControlDeDistribucion/(12251:12264): Set enviado a Instancia:   10
[INFO] 17:37:21:485 logControlDeDistribucion/(12251:12264): HAY SET PREVIO DE ESTA CLAVE, LA CLAVE ESTÁ EN EL SOCKET: 10
[INFO] 17:37:21:530 logControlDeDistribucion/(12251:12264): Set enviado a Instancia:   10
[INFO] 17:37:21:793 logControlDeDistribucion/(12251:12264): HAY SET PREVIO DE ESTA CLAVE, LA CLAVE ESTÁ EN EL SOCKET: 10
[INFO] 17:37:21:843 logControlDeDistribucion/(12251:12264): Set enviado a Instancia:   10
[INFO] 17:37:22:104 logControlDeDistribucion/(12251:12264): HAY SET PREVIO DE ESTA CLAVE, LA CLAVE ESTÁ EN EL SOCKET: 10
[INFO] 17:37:22:156 logControlDeDistribucion/(12251:12264): Set enviado a Instancia:   10
[INFO] 17:37:22:448 logControlDeDistribucion/(12251:12264): HAY SET PREVIO DE ESTA CLAVE, LA CLAVE ESTÁ EN EL SOCKET: 10
[INFO] 17:37:22:489 logControlDeDistribucion/(12251:12264): Set enviado a Instancia:   10
[INFO] 17:37:22:753 logControlDeDistribucion/(12251:12264): HAY SET PREVIO DE ESTA CLAVE, LA CLAVE ESTÁ EN EL SOCKET: 10
[INFO] 17:37:22:805 logControlDeDistribucion/(12251:12264): Set enviado a Instancia:   10
[INFO] 17:37:23:99 logControlDeDistribucion/(12251:12264): NO HAY SET PREVIO DE ESTA CLAVE
[INFO] 17:37:23:101 logControlDeDistribucion/(12251:12264): el socket de la instancia elegida es 10
[INFO] 17:37:23:161 logControlDeDistribucion/(12251:12264): Set enviado a Instancia:   10
[INFO] 17:37:23:447 logControlDeDistribucion/(12251:12264): HAY SET PREVIO DE ESTA CLAVE, LA CLAVE ESTÁ EN EL SOCKET: 10
[INFO] 17:37:23:491 logControlDeDistribucion/(12251:12264): Set enviado a Instancia:   10
[INFO] 17:37:23:776 logControlDeDistribucion/(12251:12264): HAY SET PREVIO DE ESTA CLAVE, LA CLAVE ESTÁ EN EL SOCKET: 10
[INFO] 17:37:23:820 logControlDeDistribucion/(12251:12264): Set enviado a Instancia:   10
[INFO] 17:37:24:100 logControlDeDistribucion/(12251:12264): HAY SET PREVIO DE ESTA CLAVE, LA CLAVE ESTÁ EN EL SOCKET: 10
[INFO] 17:37:24:143 logControlDeDistribucion/(12251:12264): Set enviado a Instancia:   10
[INFO] 17:37:24:445 logControlDeDistribucion/(12251:12264): HAY SET PREVIO DE ESTA CLAVE, LA CLAVE ESTÁ EN EL SOCKET: 10
[INFO] 17:37:24:511 logControlDeDistribucion/(12251:12264): Set enviado a Instancia:   10
[INFO] 17:37:24:776 logControlDeDistribucion/(12251:12264): HAY SET PREVIO DE ESTA CLAVE, LA CLAVE ESTÁ EN EL SOCKET: 10
[INFO] 17:37:24:819 logControlDeDistribucion/(12251:12264): Set enviado a Instancia:   10
[INFO] 17:37:25:101 logControlDeDistribucion/(12251:12264): HAY SET PREVIO DE ESTA CLAVE, LA CLAVE ESTÁ EN EL SOCKET: 10
[INFO] 17:37:25:142 logControlDeDistribucion/(12251:12264): Set enviado a Instancia:   10
[INFO] 17:37:25:444 logControlDeDistribucion/(12251:12264): HAY SET PREVIO DE ESTA CLAVE, LA CLAVE ESTÁ EN EL SOCKET: 10
[INFO] 17:37:25:490 logControlDeDistribucion/(12251:12264): Set enviado a Instancia:   10
[INFO] 17:37:25:740 logControlDeDistribucion/(12251:12264): HAY SET PREVIO DE ESTA CLAVE, LA CLAVE ESTÁ EN EL SOCKET: 10
[INFO] 17:37:25:783 logControlDeDistribucion/(12251:12264): Set enviado a Instancia:   10
[INFO] 17:37:26:77 logControlDeDistribucion/(12251:12264): HAY SET PREVIO DE ESTA CLAVE, LA CLAVE ESTÁ EN EL SOCKET: 10
[INFO] 17:37:26:124 logControlDeDistribucion/(12251:12264): Set enviado a Instancia:   10
[INFO] 17:37:26:455 logControlDeDistribucion/(12251:12264): las entradas ocupadas por instancia  10 son 2
[INFO] 17:37:26:782 logControlDeDistribucion/(12251:12264): las entradas ocupadas por instancia  10 son 2
[INFO] 17:40:19:859 logControlDeDistribucion/(12313:12326): NO HAY SET PREVIO DE ESTA CLAVE
[INFO] 17:40:19:865 logControlDeDistribucion/(12313:12326): el socket de la instancia elegida es 10
[INFO] 17:40:19:943 logControlDeDistribucion/(12313:12326): Set enviado a Instancia:   10
[INFO] 17:40:20:258 logControlDeDistribucion/(12313:12326): HAY SET PREVIO DE ESTA CLAVE, LA CLAVE ESTÁ EN EL SOCKET: 10
[INFO] 17:40:20:300 logControlDeDistribucion/(12313:12326): Set enviado a Instancia:   10
[INFO] 17:40:20:603 logControlDeDistribucion/(12313:12326): HAY SET PREVIO DE ESTA CLAVE, LA CLAVE ESTÁ EN EL SOCKET: 10
[INFO] 17:40:20:659 logControlDeDistribucion/(12313:12326): Set enviado a Instancia:   10
[INFO] 17:40:20:953 logControlDeDistribucion/(12313:12326): HAY SET PREVIO DE ESTA CLAVE, LA CLAVE ESTÁ EN EL SOCKET: 10
[INFO] 17:40:21:23 logControlDeDistribucion/(12313:12326): Set enviado a Instancia:   10
[INFO] 17:40:21:294 logControlDeDistribucion/(12313:12326): HAY SET PREVIO DE ESTA CLAVE, LA CLAVE ESTÁ EN EL SOCKET: 10
[INFO] 17:40:21:348 logControlDeDistribucion/(12313:12326): Set enviado a Instancia:   10
[INFO] 17:40:21:617 logControlDeDistribucion/(12313:12326): HAY SET PREVIO DE ESTA CLAVE, LA CLAVE ESTÁ EN EL SOCKET: 10
[INFO] 17:40:21:673 logControlDeDistribucion/(12313:12326): Set enviado a Instancia:   10
[INFO] 17:40:21:974 logControlDeDistribucion/(12313:12326): NO HAY SET PREVIO DE ESTA CLAVE
[INFO] 17:40:21:975 logControlDeDistribucion/(12313:12326): el socket de la instancia elegida es 10
[INFO] 17:40:22:47 logControlDeDistribucion/(12313:12326): Set enviado a Instancia:   10
[INFO] 17:40:22:324 logControlDeDistribucion/(12313:12326): HAY SET PREVIO DE ESTA CLAVE, LA CLAVE ESTÁ EN EL SOCKET: 10
[INFO] 17:40:22:393 logControlDeDistribucion/(12313:12326): Set enviado a Instancia:   10
[INFO] 17:40:22:657 logControlDeDistribucion/(12313:12326): HAY SET PREVIO DE ESTA CLAVE, LA CLAVE ESTÁ EN EL SOCKET: 10
[INFO] 17:40:22:723 logControlDeDistribucion/(12313:12326): Set enviado a Instancia:   10
[INFO] 17:40:23:30 logControlDeDistribucion/(12313:12326): HAY SET PREVIO DE ESTA CLAVE, LA CLAVE ESTÁ EN EL SOCKET: 10
[INFO] 17:40:23:88 logControlDeDistribucion/(12313:12326): Set enviado a Instancia:   10
[INFO] 17:40:23:385 logControlDeDistribucion/(12313:12326): HAY SET PREVIO DE ESTA CLAVE, LA CLAVE ESTÁ EN EL SOCKET: 10
[INFO] 17:40:23:444 logControlDeDistribucion/(12313:12326): Set enviado a Instancia:   10
[INFO] 17:40:23:718 logControlDeDistribucion/(12313:12326): HAY SET PREVIO DE ESTA CLAVE, LA CLAVE ESTÁ EN EL SOCKET: 10
[INFO] 17:40:23:792 logControlDeDistribucion/(12313:12326): Set enviado a Instancia:   10
[INFO] 17:40:24:76 logControlDeDistribucion/(12313:12326): HAY SET PREVIO DE ESTA CLAVE, LA CLAVE ESTÁ EN EL SOCKET: 10
[INFO] 17:40:24:181 logControlDeDistribucion/(12313:12326): Set enviado a Instancia:   10
[INFO] 17:40:24:493 logControlDeDistribucion/(12313:12326): HAY SET PREVIO DE ESTA CLAVE, LA CLAVE ESTÁ EN EL SOCKET: 10
[INFO] 17:40:24:549 logControlDeDistribucion/(12313:12326): Set enviado a Instancia:   10
[INFO] 17:40:24:829 logControlDeDistribucion/(12313:12326): HAY SET PREVIO DE ESTA CLAVE, LA CLAVE ESTÁ EN EL SOCKET: 10
[INFO] 17:40:24:885 logControlDeDistribucion/(12313:12326): Set enviado a Instancia:   10
[INFO] 17:40:25:209 logControlDeDistribucion/(12313:12326): HAY SET PREVIO DE ESTA CLAVE, LA CLAVE ESTÁ EN EL SOCKET: 10
[INFO] 17:40:25:260 logControlDeDistribucion/(12313:12326): Set enviado a Instancia:   10
[INFO] 17:40:25:626 logControlDeDistribucion/(12313:12326): las entradas ocupadas por instancia  10 son 2
[INFO] 17:40:25:965 logControlDeDistribucion/(12313:12326): las entradas ocupadas por instancia  10 son 2
[INFO] 17:42:36:168 logControlDeDistribucion/(12332:12358): NO HAY SET PREVIO DE ESTA CLAVE
[INFO] 17:42:36:179 logControlDeDistribucion/(12332:12358): el socket de la instancia elegida es 10
[INFO] 17:42:36:261 logControlDeDistribucion/(12332:12358): Set enviado a Instancia:   10
[INFO] 17:42:36:609 logControlDeDistribucion/(12332:12358): NO HAY SET PREVIO DE ESTA CLAVE
[INFO] 17:42:36:609 logControlDeDistribucion/(12332:12358): el socket de la instancia elegida es 10
[INFO] 17:42:36:652 logControlDeDistribucion/(12332:12358): Set enviado a Instancia:   10
[INFO] 17:42:36:918 logControlDeDistribucion/(12332:12358): NO HAY SET PREVIO DE ESTA CLAVE
[INFO] 17:42:36:924 logControlDeDistribucion/(12332:12358): el socket de la instancia elegida es 10
[INFO] 17:42:36:992 logControlDeDistribucion/(12332:12358): Set enviado a Instancia:   10
[INFO] 17:42:37:300 logControlDeDistribucion/(12332:12358): NO HAY SET PREVIO DE ESTA CLAVE
[INFO] 17:42:37:301 logControlDeDistribucion/(12332:12358): el socket de la instancia elegida es 10
[INFO] 17:42:37:367 logControlDeDistribucion/(12332:12358): Set enviado a Instancia:   10
[INFO] 17:42:37:670 logControlDeDistribucion/(12332:12358): NO HAY SET PREVIO DE ESTA CLAVE
[INFO] 17:42:37:671 logControlDeDistribucion/(12332:12358): el socket de la instancia elegida es 10
[INFO] 17:42:37:748 logControlDeDistribucion/(12332:12358): Set enviado a Instancia:   10
[INFO] 17:42:38:36 logControlDeDistribucion/(12332:12358): NO HAY SET PREVIO DE ESTA CLAVE
[INFO] 17:42:38:37 logControlDeDistribucion/(12332:12358): el socket de la instancia elegida es 10
[INFO] 17:42:38:106 logControlDeDistribucion/(12332:12358): Set enviado a Instancia:   10
[INFO] 17:42:38:385 logControlDeDistribucion/(12332:12358): NO HAY SET PREVIO DE ESTA CLAVE
[INFO] 17:42:38:387 logControlDeDistribucion/(12332:12358): el socket de la instancia elegida es 10
[INFO] 17:42:38:455 logControlDeDistribucion/(12332:12358): Set enviado a Instancia:   10
[INFO] 17:42:38:757 logControlDeDistribucion/(12332:12358): NO HAY SET PREVIO DE ESTA CLAVE
[INFO] 17:42:38:758 logControlDeDistribucion/(12332:12358): el socket de la instancia elegida es 10
[INFO] 17:42:38:829 logControlDeDistribucion/(12332:12358): Set enviado a Instancia:   10
[INFO] 17:42:39:173 logControlDeDistribucion/(12332:12358): NO HAY SET PREVIO DE ESTA CLAVE
[INFO] 17:42:39:174 logControlDeDistribucion/(12332:12358): el socket de la instancia elegida es 10
[INFO] 17:42:39:245 logControlDeDistribucion/(12332:12358): Set enviado a Instancia:   10
[INFO] 17:42:39:556 logControlDeDistribucion/(12332:12358): NO HAY SET PREVIO DE ESTA CLAVE
[INFO] 17:42:39:557 logControlDeDistribucion/(12332:12358): el socket de la instancia elegida es 10
[INFO] 17:42:39:625 logControlDeDistribucion/(12332:12358): Set enviado a Instancia:   10
[INFO] 17:42:39:893 logControlDeDistribucion/(12332:12358): NO HAY SET PREVIO DE ESTA CLAVE
[INFO] 17:42:39:899 logControlDeDistribucion/(12332:12358): el socket de la instancia elegida es 10
[INFO] 17:42:39:973 logControlDeDistribucion/(12332:12358): Set enviado a Instancia:   10
[INFO] 17:42:40:257 logControlDeDistribucion/(12332:12358): NO HAY SET PREVIO DE ESTA CLAVE
[INFO] 17:42:40:258 logControlDeDistribucion/(12332:12358): el socket de la instancia elegida es 10
[INFO] 17:42:40:332 logControlDeDistribucion/(12332:12358): Set enviado a Instancia:   10
[INFO] 17:42:40:625 logControlDeDistribucion/(12332:12358): NO HAY SET PREVIO DE ESTA CLAVE
[INFO] 17:42:40:626 logControlDeDistribucion/(12332:12358): el socket de la instancia elegida es 10
[INFO] 17:42:40:729 logControlDeDistribucion/(12332:12358): Set enviado a Instancia:   10
[INFO] 17:42:41:21 logControlDeDistribucion/(12332:12358): NO HAY SET PREVIO DE ESTA CLAVE
[INFO] 17:42:41:22 logControlDeDistribucion/(12332:12358): el socket de la instancia elegida es 10
[INFO] 17:42:41:69 logControlDeDistribucion/(12332:12358): Set enviado a Instancia:   10
[INFO] 17:42:46:753 logControlDeDistribucion/(12332:12360): NO HAY SET PREVIO DE ESTA CLAVE
[INFO] 17:42:46:755 logControlDeDistribucion/(12332:12360): el socket de la instancia elegida es 10
[INFO] 17:42:46:860 logControlDeDistribucion/(12332:12360): Set enviado a Instancia:   10
[INFO] 17:42:47:145 logControlDeDistribucion/(12332:12360): HAY SET PREVIO DE ESTA CLAVE, LA CLAVE ESTÁ EN EL SOCKET: 10
[INFO] 17:42:47:179 logControlDeDistribucion/(12332:12360): Set enviado a Instancia:   10
[INFO] 17:42:47:445 logControlDeDistribucion/(12332:12360): HAY SET PREVIO DE ESTA CLAVE, LA CLAVE ESTÁ EN EL SOCKET: 10
[INFO] 17:42:47:589 logControlDeDistribucion/(12332:12360): Set enviado a Instancia:   10
[INFO] 17:42:47:890 logControlDeDistribucion/(12332:12360): HAY SET PREVIO DE ESTA CLAVE, LA CLAVE ESTÁ EN EL SOCKET: 10
[INFO] 17:42:47:917 logControlDeDistribucion/(12332:12360): Set enviado a Instancia:   10
[INFO] 17:42:48:190 logControlDeDistribucion/(12332:12360): HAY SET PREVIO DE ESTA CLAVE, LA CLAVE ESTÁ EN EL SOCKET: 10
[INFO] 17:42:48:246 logControlDeDistribucion/(12332:12360): Set enviado a Instancia:   10
[INFO] 17:42:48:508 logControlDeDistribucion/(12332:12360): HAY SET PREVIO DE ESTA CLAVE, LA CLAVE ESTÁ EN EL SOCKET: 10
[INFO] 17:42:48:560 logControlDeDistribucion/(12332:12360): Set enviado a Instancia:   10
[INFO] 17:42:48:824 logControlDeDistribucion/(12332:12360): NO HAY SET PREVIO DE ESTA CLAVE
[INFO] 17:42:48:825 logControlDeDistribucion/(12332:12360): el socket de la instancia elegida es 10
[INFO] 17:42:48:899 logControlDeDistribucion/(12332:12360): Set enviado a Instancia:   10
[INFO] 17:42:49:165 logControlDeDistribucion/(12332:12360): HAY SET PREVIO DE ESTA CLAVE, LA CLAVE ESTÁ EN EL SOCKET: 10
[INFO] 17:42:49:225 logControlDeDistribucion/(12332:12360): Set enviado a Instancia:   10
[INFO] 17:42:49:516 logControlDeDistribucion/(12332:12360): HAY SET PREVIO DE ESTA CLAVE, LA CLAVE ESTÁ EN EL SOCKET: 10
[INFO] 17:42:49:570 logControlDeDistribucion/(12332:12360): Set enviado a Instancia:   10
[INFO] 17:42:49:843 logControlDeDistribucion/(12332:12360): HAY SET PREVIO DE ESTA CLAVE, LA CLAVE ESTÁ EN EL SOCKET: 10
[INFO] 17:42:49:960 logControlDeDistribucion/(12332:12360): Set enviado a Instancia:   10
[INFO] 17:42:50:237 logControlDeDistribucion/(12332:12360): HAY SET PREVIO DE ESTA CLAVE, LA CLAVE ESTÁ EN EL SOCKET: 10
[INFO] 17:42:50:270 logControlDeDistribucion/(12332:12360): Set enviado a Instancia:   10
[INFO] 17:42:50:570 logControlDeDistribucion/(12332:12360): HAY SET PREVIO DE ESTA CLAVE, LA CLAVE ESTÁ EN EL SOCKET: 10
[INFO] 17:42:50:623 logControlDeDistribucion/(12332:12360): Set enviado a Instancia:   10
[INFO] 17:42:50:889 logControlDeDistribucion/(12332:12360): HAY SET PREVIO DE ESTA CLAVE, LA CLAVE ESTÁ EN EL SOCKET: 10
[INFO] 17:42:50:947 logControlDeDistribucion/(12332:12360): Set enviado a Instancia:   10
[INFO] 17:42:51:228 logControlDeDistribucion/(12332:12360): HAY SET PREVIO DE ESTA CLAVE, LA CLAVE ESTÁ EN EL SOCKET: 10
[INFO] 17:42:51:285 logControlDeDistribucion/(12332:12360): Set enviado a Instancia:   10
[INFO] 17:42:51:553 logControlDeDistribucion/(12332:12360): HAY SET PREVIO DE ESTA CLAVE, LA CLAVE ESTÁ EN EL SOCKET: 10
[INFO] 17:42:51:605 logControlDeDistribucion/(12332:12360): Set enviado a Instancia:   10
[INFO] 17:42:51:897 logControlDeDistribucion/(12332:12360): HAY SET PREVIO DE ESTA CLAVE, LA CLAVE ESTÁ EN EL SOCKET: 10
[INFO] 17:42:51:951 logControlDeDistribucion/(12332:12360): Set enviado a Instancia:   10
[INFO] 17:42:52:290 logControlDeDistribucion/(12332:12360): las entradas ocupadas por instancia  10 son 16
[INFO] 17:42:52:601 logControlDeDistribucion/(12332:12360): las entradas ocupadas por instancia  10 son 16
[INFO] 18:12:23:413 logControlDeDistribucion/(13741:13753): NO HAY SET PREVIO DE ESTA CLAVE
[INFO] 18:12:23:419 logControlDeDistribucion/(13741:13753): el socket de la instancia elegida es 10
[INFO] 18:12:23:531 logControlDeDistribucion/(13741:13753): Set enviado a Instancia:   10
[INFO] 18:12:23:822 logControlDeDistribucion/(13741:13753): HAY SET PREVIO DE ESTA CLAVE, LA CLAVE ESTÁ EN EL SOCKET: 10
[INFO] 18:12:23:858 logControlDeDistribucion/(13741:13753): Set enviado a Instancia:   10
[INFO] 18:12:24:158 logControlDeDistribucion/(13741:13753): HAY SET PREVIO DE ESTA CLAVE, LA CLAVE ESTÁ EN EL SOCKET: 10
[INFO] 18:12:24:214 logControlDeDistribucion/(13741:13753): Set enviado a Instancia:   10
[INFO] 18:12:24:514 logControlDeDistribucion/(13741:13753): HAY SET PREVIO DE ESTA CLAVE, LA CLAVE ESTÁ EN EL SOCKET: 10
[INFO] 18:12:24:572 logControlDeDistribucion/(13741:13753): Set enviado a Instancia:   10
[INFO] 18:12:24:881 logControlDeDistribucion/(13741:13753): HAY SET PREVIO DE ESTA CLAVE, LA CLAVE ESTÁ EN EL SOCKET: 10
[INFO] 18:12:24:933 logControlDeDistribucion/(13741:13753): Set enviado a Instancia:   10
[INFO] 18:12:25:228 logControlDeDistribucion/(13741:13753): HAY SET PREVIO DE ESTA CLAVE, LA CLAVE ESTÁ EN EL SOCKET: 10
[INFO] 18:12:25:284 logControlDeDistribucion/(13741:13753): Set enviado a Instancia:   10
[INFO] 18:12:25:581 logControlDeDistribucion/(13741:13753): NO HAY SET PREVIO DE ESTA CLAVE
[INFO] 18:12:25:582 logControlDeDistribucion/(13741:13753): el socket de la instancia elegida es 10
[INFO] 18:12:25:652 logControlDeDistribucion/(13741:13753): Set enviado a Instancia:   10
[INFO] 18:12:25:945 logControlDeDistribucion/(13741:13753): HAY SET PREVIO DE ESTA CLAVE, LA CLAVE ESTÁ EN EL SOCKET: 10
[INFO] 18:12:25:1 logControlDeDistribucion/(13741:13753): Set enviado a Instancia:   10
[INFO] 18:12:26:297 logControlDeDistribucion/(13741:13753): HAY SET PREVIO DE ESTA CLAVE, LA CLAVE ESTÁ EN EL SOCKET: 10
[INFO] 18:12:26:356 logControlDeDistribucion/(13741:13753): Set enviado a Instancia:   10
[INFO] 18:12:26:660 logControlDeDistribucion/(13741:13753): HAY SET PREVIO DE ESTA CLAVE, LA CLAVE ESTÁ EN EL SOCKET: 10
[INFO] 18:12:26:713 logControlDeDistribucion/(13741:13753): Set enviado a Instancia:   10
[INFO] 18:12:26:977 logControlDeDistribucion/(13741:13753): HAY SET PREVIO DE ESTA CLAVE, LA CLAVE ESTÁ EN EL SOCKET: 10
[INFO] 18:12:27:33 logControlDeDistribucion/(13741:13753): Set enviado a Instancia:   10
[INFO] 18:12:27:298 logControlDeDistribucion/(13741:13753): HAY SET PREVIO DE ESTA CLAVE, LA CLAVE ESTÁ EN EL SOCKET: 10
[INFO] 18:12:27:352 logControlDeDistribucion/(13741:13753): Set enviado a Instancia:   10
[INFO] 18:12:27:653 logControlDeDistribucion/(13741:13753): HAY SET PREVIO DE ESTA CLAVE, LA CLAVE ESTÁ EN EL SOCKET: 10
[INFO] 18:12:27:705 logControlDeDistribucion/(13741:13753): Set enviado a Instancia:   10
[INFO] 18:12:28:26 logControlDeDistribucion/(13741:13753): HAY SET PREVIO DE ESTA CLAVE, LA CLAVE ESTÁ EN EL SOCKET: 10
[INFO] 18:12:28:84 logControlDeDistribucion/(13741:13753): Set enviado a Instancia:   10
[INFO] 18:12:28:381 logControlDeDistribucion/(13741:13753): HAY SET PREVIO DE ESTA CLAVE, LA CLAVE ESTÁ EN EL SOCKET: 10
[INFO] 18:12:28:449 logControlDeDistribucion/(13741:13753): Set enviado a Instancia:   10
[INFO] 18:12:28:741 logControlDeDistribucion/(13741:13753): HAY SET PREVIO DE ESTA CLAVE, LA CLAVE ESTÁ EN EL SOCKET: 10
[INFO] 18:12:28:790 logControlDeDistribucion/(13741:13753): Set enviado a Instancia:   10
[INFO] 18:12:29:154 logControlDeDistribucion/(13741:13753): las entradas ocupadas por instancia  10 son 2
[INFO] 18:12:29:521 logControlDeDistribucion/(13741:13753): las entradas ocupadas por instancia  10 son 2
[INFO] 18:13:39:783 logControlDeDistribucion/(13741:13758): NO HAY SET PREVIO DE ESTA CLAVE
[INFO] 18:13:39:784 logControlDeDistribucion/(13741:13758): el socket de la instancia elegida es 10
[INFO] 18:13:39:860 logControlDeDistribucion/(13741:13758): Set enviado a Instancia:   10
[INFO] 18:13:40:133 logControlDeDistribucion/(13741:13758): NO HAY SET PREVIO DE ESTA CLAVE
[INFO] 18:13:40:133 logControlDeDistribucion/(13741:13758): el socket de la instancia elegida es 10
[INFO] 18:13:40:210 logControlDeDistribucion/(13741:13758): Set enviado a Instancia:   10
[INFO] 18:13:40:486 logControlDeDistribucion/(13741:13758): NO HAY SET PREVIO DE ESTA CLAVE
[INFO] 18:13:40:487 logControlDeDistribucion/(13741:13758): el socket de la instancia elegida es 10
[INFO] 18:13:40:565 logControlDeDistribucion/(13741:13758): Set enviado a Instancia:   10
[INFO] 18:13:40:876 logControlDeDistribucion/(13741:13758): NO HAY SET PREVIO DE ESTA CLAVE
[INFO] 18:13:40:877 logControlDeDistribucion/(13741:13758): el socket de la instancia elegida es 10
[INFO] 18:13:40:951 logControlDeDistribucion/(13741:13758): Set enviado a Instancia:   10
[INFO] 18:13:41:250 logControlDeDistribucion/(13741:13758): NO HAY SET PREVIO DE ESTA CLAVE
[INFO] 18:13:41:255 logControlDeDistribucion/(13741:13758): el socket de la instancia elegida es 10
[INFO] 18:13:41:322 logControlDeDistribucion/(13741:13758): Set enviado a Instancia:   10
[INFO] 18:13:41:599 logControlDeDistribucion/(13741:13758): NO HAY SET PREVIO DE ESTA CLAVE
[INFO] 18:13:41:600 logControlDeDistribucion/(13741:13758): el socket de la instancia elegida es 10
[INFO] 18:13:41:677 logControlDeDistribucion/(13741:13758): Set enviado a Instancia:   10
[INFO] 18:13:41:977 logControlDeDistribucion/(13741:13758): NO HAY SET PREVIO DE ESTA CLAVE
[INFO] 18:13:41:978 logControlDeDistribucion/(13741:13758): el socket de la instancia elegida es 10
[INFO] 18:13:42:53 logControlDeDistribucion/(13741:13758): Set enviado a Instancia:   10
[INFO] 18:15:22:633 logControlDeDistribucion/(13785:13796): NO HAY SET PREVIO DE ESTA CLAVE
[INFO] 18:17:49:411 logControlDeDistribucion/(13827:13840): NO HAY SET PREVIO DE ESTA CLAVE
[INFO] 18:17:49:417 logControlDeDistribucion/(13827:13840): el socket de la instancia elegida es 10
[INFO] 18:17:49:495 logControlDeDistribucion/(13827:13840): Set enviado a Instancia:   10
[INFO] 18:17:49:826 logControlDeDistribucion/(13827:13840): NO HAY SET PREVIO DE ESTA CLAVE
[INFO] 18:17:49:827 logControlDeDistribucion/(13827:13840): el socket de la instancia elegida es 10
[INFO] 18:17:49:874 logControlDeDistribucion/(13827:13840): Set enviado a Instancia:   10
[INFO] 18:17:50:161 logControlDeDistribucion/(13827:13840): NO HAY SET PREVIO DE ESTA CLAVE
[INFO] 18:17:50:162 logControlDeDistribucion/(13827:13840): el socket de la instancia elegida es 10
[INFO] 18:17:50:229 logControlDeDistribucion/(13827:13840): Set enviado a Instancia:   10
[INFO] 18:17:50:545 logControlDeDistribucion/(13827:13840): NO HAY SET PREVIO DE ESTA CLAVE
[INFO] 18:17:50:546 logControlDeDistribucion/(13827:13840): el socket de la instancia elegida es 10
[INFO] 18:17:50:612 logControlDeDistribucion/(13827:13840): Set enviado a Instancia:   10
[INFO] 18:17:50:912 logControlDeDistribucion/(13827:13840): NO HAY SET PREVIO DE ESTA CLAVE
[INFO] 18:17:50:913 logControlDeDistribucion/(13827:13840): el socket de la instancia elegida es 10
[INFO] 18:17:50:980 logControlDeDistribucion/(13827:13840): Set enviado a Instancia:   10
[INFO] 18:17:51:293 logControlDeDistribucion/(13827:13840): NO HAY SET PREVIO DE ESTA CLAVE
[INFO] 18:17:51:294 logControlDeDistribucion/(13827:13840): el socket de la instancia elegida es 10
[INFO] 18:17:51:362 logControlDeDistribucion/(13827:13840): Set enviado a Instancia:   10
[INFO] 18:17:51:661 logControlDeDistribucion/(13827:13840): NO HAY SET PREVIO DE ESTA CLAVE
[INFO] 18:17:51:662 logControlDeDistribucion/(13827:13840): el socket de la instancia elegida es 10
[INFO] 18:17:51:732 logControlDeDistribucion/(13827:13840): Set enviado a Instancia:   10
[INFO] 18:17:52:31 logControlDeDistribucion/(13827:13840): NO HAY SET PREVIO DE ESTA CLAVE
[INFO] 18:17:52:35 logControlDeDistribucion/(13827:13840): el socket de la instancia elegida es 10
[INFO] 18:17:52:108 logControlDeDistribucion/(13827:13840): Set enviado a Instancia:   10
[INFO] 18:17:52:401 logControlDeDistribucion/(13827:13840): NO HAY SET PREVIO DE ESTA CLAVE
[INFO] 18:17:52:402 logControlDeDistribucion/(13827:13840): el socket de la instancia elegida es 10
[INFO] 18:17:52:473 logControlDeDistribucion/(13827:13840): Set enviado a Instancia:   10
[INFO] 18:17:52:801 logControlDeDistribucion/(13827:13840): NO HAY SET PREVIO DE ESTA CLAVE
[INFO] 18:17:52:802 logControlDeDistribucion/(13827:13840): el socket de la instancia elegida es 10
[INFO] 18:17:52:892 logControlDeDistribucion/(13827:13840): Set enviado a Instancia:   10
[INFO] 18:17:53:197 logControlDeDistribucion/(13827:13840): NO HAY SET PREVIO DE ESTA CLAVE
[INFO] 18:17:53:198 logControlDeDistribucion/(13827:13840): el socket de la instancia elegida es 10
[INFO] 18:17:53:247 logControlDeDistribucion/(13827:13840): Set enviado a Instancia:   10
[INFO] 18:17:53:546 logControlDeDistribucion/(13827:13840): NO HAY SET PREVIO DE ESTA CLAVE
[INFO] 18:17:53:548 logControlDeDistribucion/(13827:13840): el socket de la instancia elegida es 10
[INFO] 18:17:53:628 logControlDeDistribucion/(13827:13840): Set enviado a Instancia:   10
[INFO] 18:17:53:929 logControlDeDistribucion/(13827:13840): NO HAY SET PREVIO DE ESTA CLAVE
[INFO] 18:17:53:931 logControlDeDistribucion/(13827:13840): el socket de la instancia elegida es 10
[INFO] 18:17:54:32 logControlDeDistribucion/(13827:13840): Set enviado a Instancia:   10
[INFO] 18:17:54:329 logControlDeDistribucion/(13827:13840): NO HAY SET PREVIO DE ESTA CLAVE
[INFO] 18:17:54:330 logControlDeDistribucion/(13827:13840): el socket de la instancia elegida es 10
[INFO] 18:17:54:397 logControlDeDistribucion/(13827:13840): Set enviado a Instancia:   10
[INFO] 19:09:28:827 logControlDeDistribucion/(15698:15715): NO HAY SET PREVIO DE ESTA CLAVE
[INFO] 19:09:28:841 logControlDeDistribucion/(15698:15715): el socket de la instancia elegida es 8
[INFO] 19:09:28:927 logControlDeDistribucion/(15698:15715): Set enviado a Instancia:   8
[INFO] 19:09:29:253 logControlDeDistribucion/(15698:15715): NO HAY SET PREVIO DE ESTA CLAVE
[INFO] 19:09:29:254 logControlDeDistribucion/(15698:15715): el socket de la instancia elegida es 8
[INFO] 19:09:29:295 logControlDeDistribucion/(15698:15715): Set enviado a Instancia:   8
[INFO] 19:09:29:594 logControlDeDistribucion/(15698:15715): NO HAY SET PREVIO DE ESTA CLAVE
[INFO] 19:09:29:595 logControlDeDistribucion/(15698:15715): el socket de la instancia elegida es 8
[INFO] 19:09:29:657 logControlDeDistribucion/(15698:15715): Set enviado a Instancia:   8
[INFO] 19:09:29:965 logControlDeDistribucion/(15698:15715): NO HAY SET PREVIO DE ESTA CLAVE
[INFO] 19:09:29:969 logControlDeDistribucion/(15698:15715): el socket de la instancia elegida es 8
[INFO] 19:09:30:29 logControlDeDistribucion/(15698:15715): Set enviado a Instancia:   8
[INFO] 19:09:30:333 logControlDeDistribucion/(15698:15715): NO HAY SET PREVIO DE ESTA CLAVE
[INFO] 19:09:30:333 logControlDeDistribucion/(15698:15715): el socket de la instancia elegida es 8
[INFO] 19:09:30:416 logControlDeDistribucion/(15698:15715): Set enviado a Instancia:   8
[INFO] 19:09:30:723 logControlDeDistribucion/(15698:15715): NO HAY SET PREVIO DE ESTA CLAVE
[INFO] 19:09:30:724 logControlDeDistribucion/(15698:15715): el socket de la instancia elegida es 8
[INFO] 19:09:30:800 logControlDeDistribucion/(15698:15715): Set enviado a Instancia:   8
[INFO] 19:09:31:70 logControlDeDistribucion/(15698:15715): NO HAY SET PREVIO DE ESTA CLAVE
[INFO] 19:09:31:75 logControlDeDistribucion/(15698:15715): el socket de la instancia elegida es 8
[INFO] 19:09:31:144 logControlDeDistribucion/(15698:15715): Set enviado a Instancia:   8
[INFO] 19:09:31:441 logControlDeDistribucion/(15698:15715): NO HAY SET PREVIO DE ESTA CLAVE
[INFO] 19:09:31:442 logControlDeDistribucion/(15698:15715): el socket de la instancia elegida es 8
[INFO] 19:09:31:513 logControlDeDistribucion/(15698:15715): Set enviado a Instancia:   8
[INFO] 19:09:31:809 logControlDeDistribucion/(15698:15715): NO HAY SET PREVIO DE ESTA CLAVE
[INFO] 19:09:31:811 logControlDeDistribucion/(15698:15715): el socket de la instancia elegida es 8
[INFO] 19:09:31:881 logControlDeDistribucion/(15698:15715): Set enviado a Instancia:   8
[INFO] 19:09:32:186 logControlDeDistribucion/(15698:15715): NO HAY SET PREVIO DE ESTA CLAVE
[INFO] 19:09:32:187 logControlDeDistribucion/(15698:15715): el socket de la instancia elegida es 8
[INFO] 19:09:32:258 logControlDeDistribucion/(15698:15715): Set enviado a Instancia:   8
[INFO] 19:09:32:550 logControlDeDistribucion/(15698:15715): NO HAY SET PREVIO DE ESTA CLAVE
[INFO] 19:09:32:551 logControlDeDistribucion/(15698:15715): el socket de la instancia elegida es 8
[INFO] 19:09:32:624 logControlDeDistribucion/(15698:15715): Set enviado a Instancia:   8
[INFO] 19:09:32:921 logControlDeDistribucion/(15698:15715): NO HAY SET PREVIO DE ESTA CLAVE
[INFO] 19:09:32:922 logControlDeDistribucion/(15698:15715): el socket de la instancia elegida es 8
[INFO] 19:09:33:20 logControlDeDistribucion/(15698:15715): Set enviado a Instancia:   8
[INFO] 19:09:33:308 logControlDeDistribucion/(15698:15715): NO HAY SET PREVIO DE ESTA CLAVE
[INFO] 19:09:33:309 logControlDeDistribucion/(15698:15715): el socket de la instancia elegida es 8
[INFO] 19:09:33:384 logControlDeDistribucion/(15698:15715): Set enviado a Instancia:   8
[INFO] 19:09:33:699 logControlDeDistribucion/(15698:15715): NO HAY SET PREVIO DE ESTA CLAVE
[INFO] 19:09:33:700 logControlDeDistribucion/(15698:15715): el socket de la instancia elegida es 8
[INFO] 19:09:33:773 logControlDeDistribucion/(15698:15715): Set enviado a Instancia:   8
[INFO] 19:09:58:58 logControlDeDistribucion/(15698:15718): HAY SET PREVIO DE ESTA CLAVE, LA CLAVE ESTÁ EN EL SOCKET: 8
[INFO] 19:09:58:117 logControlDeDistribucion/(15698:15718): Set enviado a Instancia:   8
[INFO] 19:09:58:413 logControlDeDistribucion/(15698:15718): HAY SET PREVIO DE ESTA CLAVE, LA CLAVE ESTÁ EN EL SOCKET: 8
[INFO] 19:09:58:471 logControlDeDistribucion/(15698:15718): Set enviado a Instancia:   8
[INFO] 19:09:58:773 logControlDeDistribucion/(15698:15718): HAY SET PREVIO DE ESTA CLAVE, LA CLAVE ESTÁ EN EL SOCKET: 8
[INFO] 19:09:58:826 logControlDeDistribucion/(15698:15718): Set enviado a Instancia:   8
[INFO] 19:09:59:118 logControlDeDistribucion/(15698:15718): HAY SET PREVIO DE ESTA CLAVE, LA CLAVE ESTÁ EN EL SOCKET: 8
[INFO] 19:09:59:175 logControlDeDistribucion/(15698:15718): Set enviado a Instancia:   8
[INFO] 19:09:59:441 logControlDeDistribucion/(15698:15718): HAY SET PREVIO DE ESTA CLAVE, LA CLAVE ESTÁ EN EL SOCKET: 8
[INFO] 19:09:59:493 logControlDeDistribucion/(15698:15718): Set enviado a Instancia:   8
[INFO] 19:09:59:758 logControlDeDistribucion/(15698:15718): HAY SET PREVIO DE ESTA CLAVE, LA CLAVE ESTÁ EN EL SOCKET: 8
[INFO] 19:09:59:831 logControlDeDistribucion/(15698:15718): Set enviado a Instancia:   8
[INFO] 19:10:00:145 logControlDeDistribucion/(15698:15718): HAY SET PREVIO DE ESTA CLAVE, LA CLAVE ESTÁ EN EL SOCKET: 8
[INFO] 19:10:00:217 logControlDeDistribucion/(15698:15718): Set enviado a Instancia:   8
[INFO] 19:10:00:482 logControlDeDistribucion/(15698:15718): HAY SET PREVIO DE ESTA CLAVE, LA CLAVE ESTÁ EN EL SOCKET: 8
[INFO] 19:10:00:541 logControlDeDistribucion/(15698:15718): Set enviado a Instancia:   8
[INFO] 19:10:00:805 logControlDeDistribucion/(15698:15718): HAY SET PREVIO DE ESTA CLAVE, LA CLAVE ESTÁ EN EL SOCKET: 8
[INFO] 19:10:00:862 logControlDeDistribucion/(15698:15718): Set enviado a Instancia:   8
[INFO] 19:10:01:145 logControlDeDistribucion/(15698:15718): HAY SET PREVIO DE ESTA CLAVE, LA CLAVE ESTÁ EN EL SOCKET: 8
[INFO] 19:10:01:197 logControlDeDistribucion/(15698:15718): Set enviado a Instancia:   8
[INFO] 19:10:01:497 logControlDeDistribucion/(15698:15718): HAY SET PREVIO DE ESTA CLAVE, LA CLAVE ESTÁ EN EL SOCKET: 8
[INFO] 19:10:01:553 logControlDeDistribucion/(15698:15718): Set enviado a Instancia:   8
[INFO] 19:10:01:822 logControlDeDistribucion/(15698:15718): HAY SET PREVIO DE ESTA CLAVE, LA CLAVE ESTÁ EN EL SOCKET: 8
[INFO] 19:10:01:877 logControlDeDistribucion/(15698:15718): Set enviado a Instancia:   8
[INFO] 19:10:02:152 logControlDeDistribucion/(15698:15718): HAY SET PREVIO DE ESTA CLAVE, LA CLAVE ESTÁ EN EL SOCKET: 8
[INFO] 19:10:02:205 logControlDeDistribucion/(15698:15718): Set enviado a Instancia:   8
[INFO] 19:10:02:505 logControlDeDistribucion/(15698:15718): HAY SET PREVIO DE ESTA CLAVE, LA CLAVE ESTÁ EN EL SOCKET: 8
[INFO] 19:10:02:557 logControlDeDistribucion/(15698:15718): Set enviado a Instancia:   8
