[INFO] 05:00:32:876 loggerEsi/(10871:10871): Se recibieron 4 bytes
[INFO] 05:00:32:897 loggerEsi/(10871:10871): Se recibieron los datos
[INFO] 05:00:32:898 loggerEsi/(10871:10871): Se enviaron 4 bytes
[INFO] 05:00:32:904 loggerEsi/(10871:10871): Se envio el mensaje
[INFO] 05:00:32:904 loggerEsi/(10871:10871): Me conecte al Coordinador :)
[INFO] 05:00:32:920 loggerEsi/(10871:10871): Se recibieron 4 bytes
[INFO] 05:00:32:920 loggerEsi/(10871:10871): Se recibieron los datos
[INFO] 05:00:32:921 loggerEsi/(10871:10871): Se enviaron 4 bytes
[INFO] 05:00:32:921 loggerEsi/(10871:10871): Se envio el mensaje
[INFO] 05:00:32:921 loggerEsi/(10871:10871): Me conecte al Planificador :)
[INFO] 05:00:32:926 loggerEsi/(10871:10871): Se recibieron 4 bytes
[INFO] 05:00:32:926 loggerEsi/(10871:10871): Se recibieron los datos
[INFO] 05:00:32:927 loggerEsi/(10871:10871): Se enviaron 4 bytes
[INFO] 05:00:32:928 loggerEsi/(10871:10871): Se envio el mensaje
[INFO] 05:00:32:928 loggerEsi/(10871:10871): Se enviaron 4 bytes
[INFO] 05:00:32:928 loggerEsi/(10871:10871): Se envio el mensaje
[INFO] 05:00:32:929 loggerEsi/(10871:10871): Se enviaron 13 bytes
[INFO] 05:00:32:929 loggerEsi/(10871:10871): Se envio el mensaje
[INFO] 05:00:32:930 loggerEsi/(10871:10871): Se enviaron 4 bytes
[INFO] 05:00:32:930 loggerEsi/(10871:10871): Se envio el mensaje
[INFO] 05:00:32:930 loggerEsi/(10871:10871): Se enviaron 2 bytes
[INFO] 05:00:32:931 loggerEsi/(10871:10871): Se envio el mensaje
[INFO] 05:00:32:933 loggerEsi/(10871:10871): Se enviaron 4 bytes
[INFO] 05:00:32:933 loggerEsi/(10871:10871): Se envio el mensaje
[INFO] 05:00:32:933 loggerEsi/(10871:10871): Se envió  la instruccion: GET futbol:messi

[INFO] 05:00:32:933 loggerEsi/(10871:10871): Se recibieron 4 bytes
[INFO] 05:00:32:933 loggerEsi/(10871:10871): Se recibieron los datos
[INFO] 05:00:32:934 loggerEsi/(10871:10871): Se enviaron 4 bytes
[INFO] 05:00:32:934 loggerEsi/(10871:10871): Se envio el mensaje
[INFO] 05:00:32:934 loggerEsi/(10871:10871): Se enviaron 4 bytes
[INFO] 05:00:32:934 loggerEsi/(10871:10871): Se envio el mensaje
[INFO] 05:00:32:934 loggerEsi/(10871:10871): Se enviaron 13 bytes
[INFO] 05:00:32:935 loggerEsi/(10871:10871): Se envio el mensaje
[INFO] 05:00:32:935 loggerEsi/(10871:10871): Se enviaron 4 bytes
[INFO] 05:00:32:935 loggerEsi/(10871:10871): Se envio el mensaje
[INFO] 05:00:32:935 loggerEsi/(10871:10871): Se enviaron 13 bytes
[INFO] 05:00:32:936 loggerEsi/(10871:10871): Se envio el mensaje
[INFO] 05:00:32:937 loggerEsi/(10871:10871): Se enviaron 4 bytes
[INFO] 05:00:32:937 loggerEsi/(10871:10871): Se envio el mensaje
[INFO] 05:00:32:937 loggerEsi/(10871:10871): Se envió  la instruccion: SET futbol:messi TraemeLaCopa
[INFO] 05:00:32:937 loggerEsi/(10871:10871): Se recibieron 4 bytes
[INFO] 05:00:32:937 loggerEsi/(10871:10871): Se recibieron los datos
[INFO] 05:00:32:938 loggerEsi/(10871:10871): Se enviaron 4 bytes
[INFO] 05:00:32:938 loggerEsi/(10871:10871): Se envio el mensaje
[INFO] 05:00:32:938 loggerEsi/(10871:10871): Tengo el gusto de informarle que el script ha sido leido y parseado en todo su esplendor. Espero que haya disfrutado de mi servicio. Saludos 
[INFO] 05:00:32:938 loggerEsi/(10871:10871): Se cierra la conexion con el coordinador
[INFO] 05:00:32:938 loggerEsi/(10871:10871): Se cierra la conexion con el planificador
[INFO] 05:00:32:938 loggerEsi/(10871:10871): Hasta la vista, ESI
[INFO] 05:02:42:654 loggerEsi/(10950:10950): Se recibieron 4 bytes
[INFO] 05:02:42:654 loggerEsi/(10950:10950): Se recibieron los datos
[INFO] 05:02:42:654 loggerEsi/(10950:10950): Se enviaron 4 bytes
[INFO] 05:02:42:654 loggerEsi/(10950:10950): Se envio el mensaje
[INFO] 05:02:42:654 loggerEsi/(10950:10950): Me conecte al Coordinador :)
[INFO] 05:02:42:654 loggerEsi/(10950:10950): Se recibieron 4 bytes
[INFO] 05:02:42:654 loggerEsi/(10950:10950): Se recibieron los datos
[INFO] 05:02:42:654 loggerEsi/(10950:10950): Se enviaron 4 bytes
[INFO] 05:02:42:654 loggerEsi/(10950:10950): Se envio el mensaje
[INFO] 05:02:42:655 loggerEsi/(10950:10950): Me conecte al Planificador :)
[INFO] 05:02:42:674 loggerEsi/(10950:10950): Se recibieron 4 bytes
[INFO] 05:02:42:674 loggerEsi/(10950:10950): Se recibieron los datos
[INFO] 05:02:42:674 loggerEsi/(10950:10950): Se enviaron 4 bytes
[INFO] 05:02:42:674 loggerEsi/(10950:10950): Se envio el mensaje
[INFO] 05:02:42:674 loggerEsi/(10950:10950): Se enviaron 4 bytes
[INFO] 05:02:42:675 loggerEsi/(10950:10950): Se envio el mensaje
[INFO] 05:02:42:675 loggerEsi/(10950:10950): Se enviaron 13 bytes
[INFO] 05:02:42:675 loggerEsi/(10950:10950): Se envio el mensaje
[INFO] 05:02:42:675 loggerEsi/(10950:10950): Se enviaron 4 bytes
[INFO] 05:02:42:675 loggerEsi/(10950:10950): Se envio el mensaje
[INFO] 05:02:42:675 loggerEsi/(10950:10950): Se enviaron 2 bytes
[INFO] 05:02:42:675 loggerEsi/(10950:10950): Se envio el mensaje
[INFO] 05:02:42:675 loggerEsi/(10950:10950): Se enviaron 4 bytes
[INFO] 05:02:42:675 loggerEsi/(10950:10950): Se envio el mensaje
[INFO] 05:02:42:676 loggerEsi/(10950:10950): Se envió  la instruccion: GET futbol:messi

[INFO] 05:02:42:676 loggerEsi/(10950:10950): Se recibieron 4 bytes
[INFO] 05:02:42:676 loggerEsi/(10950:10950): Se recibieron los datos
[INFO] 05:02:42:676 loggerEsi/(10950:10950): Se enviaron 4 bytes
[INFO] 05:02:42:676 loggerEsi/(10950:10950): Se envio el mensaje
[INFO] 05:02:42:676 loggerEsi/(10950:10950): Se enviaron 4 bytes
[INFO] 05:02:42:676 loggerEsi/(10950:10950): Se envio el mensaje
[INFO] 05:02:42:676 loggerEsi/(10950:10950): Se enviaron 13 bytes
[INFO] 05:02:42:676 loggerEsi/(10950:10950): Se envio el mensaje
[INFO] 05:02:42:676 loggerEsi/(10950:10950): Se enviaron 4 bytes
[INFO] 05:02:42:676 loggerEsi/(10950:10950): Se envio el mensaje
[INFO] 05:02:42:676 loggerEsi/(10950:10950): Se enviaron 13 bytes
[INFO] 05:02:42:676 loggerEsi/(10950:10950): Se envio el mensaje
[INFO] 05:02:42:676 loggerEsi/(10950:10950): Se enviaron 4 bytes
[INFO] 05:02:42:676 loggerEsi/(10950:10950): Se envio el mensaje
[INFO] 05:02:42:676 loggerEsi/(10950:10950): Se envió  la instruccion: SET futbol:messi TraemeLaCopa
[INFO] 05:02:42:676 loggerEsi/(10950:10950): Se recibieron 4 bytes
[INFO] 05:02:42:676 loggerEsi/(10950:10950): Se recibieron los datos
[INFO] 05:02:42:676 loggerEsi/(10950:10950): Se enviaron 4 bytes
[INFO] 05:02:42:676 loggerEsi/(10950:10950): Se envio el mensaje
[INFO] 05:02:42:677 loggerEsi/(10950:10950): Tengo el gusto de informarle que el script ha sido leido y parseado en todo su esplendor. Espero que haya disfrutado de mi servicio. Saludos 
[INFO] 05:02:42:677 loggerEsi/(10950:10950): Se cierra la conexion con el coordinador
[INFO] 05:02:42:677 loggerEsi/(10950:10950): Se cierra la conexion con el planificador
[INFO] 05:02:42:677 loggerEsi/(10950:10950): Hasta la vista, ESI
[INFO] 05:14:51:440 loggerEsi/(11234:11234): Se recibieron 4 bytes
[INFO] 05:14:51:448 loggerEsi/(11234:11234): Se recibieron los datos
[INFO] 05:14:51:448 loggerEsi/(11234:11234): Se enviaron 4 bytes
[INFO] 05:14:51:448 loggerEsi/(11234:11234): Se envio el mensaje
[INFO] 05:14:51:448 loggerEsi/(11234:11234): Me conecte al Coordinador :)
[INFO] 05:14:51:449 loggerEsi/(11234:11234): Se recibieron 4 bytes
[INFO] 05:14:51:449 loggerEsi/(11234:11234): Se recibieron los datos
[INFO] 05:14:51:449 loggerEsi/(11234:11234): Se enviaron 4 bytes
[INFO] 05:14:51:449 loggerEsi/(11234:11234): Se envio el mensaje
[INFO] 05:14:51:449 loggerEsi/(11234:11234): Me conecte al Planificador :)
[INFO] 05:14:51:455 loggerEsi/(11234:11234): Se recibieron 4 bytes
[INFO] 05:14:51:455 loggerEsi/(11234:11234): Se recibieron los datos
[INFO] 05:14:51:455 loggerEsi/(11234:11234): Se enviaron 4 bytes
[INFO] 05:14:51:455 loggerEsi/(11234:11234): Se envio el mensaje
[INFO] 05:14:51:455 loggerEsi/(11234:11234): Se enviaron 4 bytes
[INFO] 05:14:51:455 loggerEsi/(11234:11234): Se envio el mensaje
[INFO] 05:14:51:455 loggerEsi/(11234:11234): Se enviaron 13 bytes
[INFO] 05:14:51:455 loggerEsi/(11234:11234): Se envio el mensaje
[INFO] 05:14:51:455 loggerEsi/(11234:11234): Se enviaron 4 bytes
[INFO] 05:14:51:456 loggerEsi/(11234:11234): Se envio el mensaje
[INFO] 05:14:51:456 loggerEsi/(11234:11234): Se envió  la instruccion: GET futbol:messi

[INFO] 05:14:51:456 loggerEsi/(11234:11234): Se recibieron 4 bytes
[INFO] 05:14:51:456 loggerEsi/(11234:11234): Se recibieron los datos
[INFO] 05:14:51:456 loggerEsi/(11234:11234): Se enviaron 4 bytes
[INFO] 05:14:51:456 loggerEsi/(11234:11234): Se envio el mensaje
[INFO] 05:14:51:456 loggerEsi/(11234:11234): Se enviaron 4 bytes
[INFO] 05:14:51:456 loggerEsi/(11234:11234): Se envio el mensaje
[INFO] 05:14:51:456 loggerEsi/(11234:11234): Se enviaron 13 bytes
[INFO] 05:14:51:456 loggerEsi/(11234:11234): Se envio el mensaje
[INFO] 05:14:51:456 loggerEsi/(11234:11234): Se enviaron 4 bytes
[INFO] 05:14:51:456 loggerEsi/(11234:11234): Se envio el mensaje
[INFO] 05:14:51:456 loggerEsi/(11234:11234): Se enviaron 13 bytes
[INFO] 05:14:51:456 loggerEsi/(11234:11234): Se envio el mensaje
[INFO] 05:14:51:456 loggerEsi/(11234:11234): Se enviaron 4 bytes
[INFO] 05:14:51:456 loggerEsi/(11234:11234): Se envio el mensaje
[INFO] 05:14:51:457 loggerEsi/(11234:11234): Se envió  la instruccion: SET futbol:messi TraemeLaCopa
[INFO] 05:14:51:457 loggerEsi/(11234:11234): Se recibieron 4 bytes
[INFO] 05:14:51:457 loggerEsi/(11234:11234): Se recibieron los datos
[INFO] 05:14:51:457 loggerEsi/(11234:11234): Se enviaron 4 bytes
[INFO] 05:14:51:457 loggerEsi/(11234:11234): Se envio el mensaje
[INFO] 05:14:51:457 loggerEsi/(11234:11234): Tengo el gusto de informarle que el script ha sido leido y parseado en todo su esplendor. Espero que haya disfrutado de mi servicio. Saludos 
[INFO] 05:14:51:457 loggerEsi/(11234:11234): Se cierra la conexion con el coordinador
[INFO] 05:14:51:457 loggerEsi/(11234:11234): Se cierra la conexion con el planificador
[INFO] 05:14:51:457 loggerEsi/(11234:11234): Hasta la vista, ESI
[INFO] 05:26:51:220 loggerEsi/(11426:11426): Se recibieron 4 bytes
[INFO] 05:26:51:246 loggerEsi/(11426:11426): Se recibieron los datos
[INFO] 05:26:51:247 loggerEsi/(11426:11426): Se enviaron 4 bytes
[INFO] 05:26:51:247 loggerEsi/(11426:11426): Se envio el mensaje
[INFO] 05:26:51:247 loggerEsi/(11426:11426): Me conecte al Coordinador :)
[INFO] 05:26:51:248 loggerEsi/(11426:11426): Se recibieron 4 bytes
[INFO] 05:26:51:248 loggerEsi/(11426:11426): Se recibieron los datos
[INFO] 05:26:51:248 loggerEsi/(11426:11426): Se enviaron 4 bytes
[INFO] 05:26:51:248 loggerEsi/(11426:11426): Se envio el mensaje
[INFO] 05:26:51:248 loggerEsi/(11426:11426): Me conecte al Planificador :)
[INFO] 05:26:51:280 loggerEsi/(11426:11426): Se recibieron 4 bytes
[INFO] 05:26:51:281 loggerEsi/(11426:11426): Se recibieron los datos
[INFO] 05:26:51:281 loggerEsi/(11426:11426): Se enviaron 4 bytes
[INFO] 05:26:51:281 loggerEsi/(11426:11426): Se envio el mensaje
[INFO] 05:26:51:282 loggerEsi/(11426:11426): Se enviaron 4 bytes
[INFO] 05:26:51:282 loggerEsi/(11426:11426): Se envio el mensaje
[INFO] 05:26:51:282 loggerEsi/(11426:11426): Se enviaron 13 bytes
[INFO] 05:26:51:282 loggerEsi/(11426:11426): Se envio el mensaje
[INFO] 05:26:51:283 loggerEsi/(11426:11426): Se enviaron 4 bytes
[INFO] 05:26:51:284 loggerEsi/(11426:11426): Se envio el mensaje
[INFO] 05:26:51:285 loggerEsi/(11426:11426): Se envió  la instruccion: GET futbol:messi

[INFO] 05:26:51:285 loggerEsi/(11426:11426): Se recibieron 4 bytes
[INFO] 05:26:51:286 loggerEsi/(11426:11426): Se recibieron los datos
[INFO] 05:26:51:286 loggerEsi/(11426:11426): Se enviaron 4 bytes
[INFO] 05:26:51:287 loggerEsi/(11426:11426): Se envio el mensaje
[INFO] 05:26:51:287 loggerEsi/(11426:11426): Se enviaron 4 bytes
[INFO] 05:26:51:288 loggerEsi/(11426:11426): Se envio el mensaje
[INFO] 05:26:51:288 loggerEsi/(11426:11426): Se enviaron 13 bytes
[INFO] 05:26:51:289 loggerEsi/(11426:11426): Se envio el mensaje
[INFO] 05:26:51:289 loggerEsi/(11426:11426): Se enviaron 4 bytes
[INFO] 05:26:51:290 loggerEsi/(11426:11426): Se envio el mensaje
[INFO] 05:26:51:290 loggerEsi/(11426:11426): Se enviaron 13 bytes
[INFO] 05:26:51:291 loggerEsi/(11426:11426): Se envio el mensaje
[INFO] 05:26:51:292 loggerEsi/(11426:11426): Se enviaron 4 bytes
[INFO] 05:26:51:293 loggerEsi/(11426:11426): Se envio el mensaje
[INFO] 05:26:51:293 loggerEsi/(11426:11426): Se envió  la instruccion: SET futbol:messi TraemeLaCopa
[INFO] 05:26:51:293 loggerEsi/(11426:11426): Se recibieron 4 bytes
[INFO] 05:26:51:293 loggerEsi/(11426:11426): Se recibieron los datos
[INFO] 05:26:51:294 loggerEsi/(11426:11426): Se enviaron 4 bytes
[INFO] 05:26:51:294 loggerEsi/(11426:11426): Se envio el mensaje
[INFO] 05:26:51:294 loggerEsi/(11426:11426): Tengo el gusto de informarle que el script ha sido leido y parseado en todo su esplendor. Espero que haya disfrutado de mi servicio. Saludos 
[INFO] 05:26:51:295 loggerEsi/(11426:11426): Se cierra la conexion con el coordinador
[INFO] 05:26:51:295 loggerEsi/(11426:11426): Se cierra la conexion con el planificador
[INFO] 05:26:51:295 loggerEsi/(11426:11426): Hasta la vista, ESI
[INFO] 05:36:23:478 loggerEsi/(11571:11571): Se recibieron 4 bytes
[INFO] 05:36:23:485 loggerEsi/(11571:11571): Se recibieron los datos
[INFO] 05:36:23:485 loggerEsi/(11571:11571): Se enviaron 4 bytes
[INFO] 05:36:23:486 loggerEsi/(11571:11571): Se envio el mensaje
[INFO] 05:36:23:486 loggerEsi/(11571:11571): Me conecte al Coordinador :)
[INFO] 05:36:23:487 loggerEsi/(11571:11571): Se recibieron 4 bytes
[INFO] 05:36:23:487 loggerEsi/(11571:11571): Se recibieron los datos
[INFO] 05:36:23:487 loggerEsi/(11571:11571): Se enviaron 4 bytes
[INFO] 05:36:23:487 loggerEsi/(11571:11571): Se envio el mensaje
[INFO] 05:36:23:487 loggerEsi/(11571:11571): Me conecte al Planificador :)
[INFO] 05:36:23:495 loggerEsi/(11571:11571): Se recibieron 4 bytes
[INFO] 05:36:23:495 loggerEsi/(11571:11571): Se recibieron los datos
[INFO] 05:36:23:495 loggerEsi/(11571:11571): Se enviaron 4 bytes
[INFO] 05:36:23:495 loggerEsi/(11571:11571): Se envio el mensaje
[INFO] 05:36:23:495 loggerEsi/(11571:11571): Se enviaron 4 bytes
[INFO] 05:36:23:495 loggerEsi/(11571:11571): Se envio el mensaje
[INFO] 05:36:23:495 loggerEsi/(11571:11571): Se enviaron 13 bytes
[INFO] 05:36:23:495 loggerEsi/(11571:11571): Se envio el mensaje
[INFO] 05:36:23:495 loggerEsi/(11571:11571): Se enviaron 4 bytes
[INFO] 05:36:23:495 loggerEsi/(11571:11571): Se envio el mensaje
[INFO] 05:36:23:496 loggerEsi/(11571:11571): Se enviaron 13 bytes
[INFO] 05:36:23:496 loggerEsi/(11571:11571): Se envio el mensaje
[INFO] 05:36:23:496 loggerEsi/(11571:11571): Se enviaron 4 bytes
[INFO] 05:36:23:496 loggerEsi/(11571:11571): Se envio el mensaje
[INFO] 05:36:23:496 loggerEsi/(11571:11571): Se envió  la instruccion: SET futbol:messi TraemeLaCopa
[INFO] 05:36:23:496 loggerEsi/(11571:11571): Se recibieron 4 bytes
[INFO] 05:36:23:496 loggerEsi/(11571:11571): Se recibieron los datos
[INFO] 05:36:23:496 loggerEsi/(11571:11571): Se enviaron 4 bytes
[INFO] 05:36:23:498 loggerEsi/(11571:11571): Se envio el mensaje
[INFO] 05:36:23:498 loggerEsi/(11571:11571): Tengo el gusto de informarle que el script ha sido leido y parseado en todo su esplendor. Espero que haya disfrutado de mi servicio. Saludos 
[INFO] 05:36:23:498 loggerEsi/(11571:11571): Se cierra la conexion con el coordinador
[INFO] 05:36:23:498 loggerEsi/(11571:11571): Se cierra la conexion con el planificador
[INFO] 05:36:23:498 loggerEsi/(11571:11571): Hasta la vista, ESI
[INFO] 05:38:06:118 loggerEsi/(11618:11618): Se recibieron 4 bytes
[INFO] 05:38:07:158 loggerEsi/(11618:11618): Se recibieron los datos
[INFO] 05:38:07:159 loggerEsi/(11618:11618): Se enviaron 4 bytes
[INFO] 05:38:07:159 loggerEsi/(11618:11618): Se envio el mensaje
[INFO] 05:38:07:159 loggerEsi/(11618:11618): Me conecte al Coordinador :)
[INFO] 05:38:07:159 loggerEsi/(11618:11618): Se recibieron 4 bytes
[INFO] 05:38:07:159 loggerEsi/(11618:11618): Se recibieron los datos
[INFO] 05:38:07:159 loggerEsi/(11618:11618): Se enviaron 4 bytes
[INFO] 05:38:07:159 loggerEsi/(11618:11618): Se envio el mensaje
[INFO] 05:38:07:160 loggerEsi/(11618:11618): Me conecte al Planificador :)
[INFO] 05:38:07:160 loggerEsi/(11618:11618): Se recibieron 4 bytes
[INFO] 05:38:07:160 loggerEsi/(11618:11618): Se recibieron los datos
[INFO] 05:38:07:160 loggerEsi/(11618:11618): Se enviaron 4 bytes
[INFO] 05:38:07:160 loggerEsi/(11618:11618): Se envio el mensaje
[INFO] 05:38:07:160 loggerEsi/(11618:11618): Se enviaron 4 bytes
[INFO] 05:38:07:160 loggerEsi/(11618:11618): Se envio el mensaje
[INFO] 05:38:07:160 loggerEsi/(11618:11618): Se enviaron 13 bytes
[INFO] 05:38:07:160 loggerEsi/(11618:11618): Se envio el mensaje
[INFO] 05:38:07:160 loggerEsi/(11618:11618): Se enviaron 4 bytes
[INFO] 05:38:07:161 loggerEsi/(11618:11618): Se envio el mensaje
[INFO] 05:38:07:161 loggerEsi/(11618:11618): Se envió  la instruccion: GET futbol:messi

[INFO] 05:38:07:161 loggerEsi/(11618:11618): Se recibieron 4 bytes
[INFO] 05:38:07:161 loggerEsi/(11618:11618): Se recibieron los datos
[INFO] 05:38:07:161 loggerEsi/(11618:11618): Se enviaron 4 bytes
[INFO] 05:38:07:161 loggerEsi/(11618:11618): Se envio el mensaje
[INFO] 05:38:07:161 loggerEsi/(11618:11618): Se enviaron 4 bytes
[INFO] 05:38:07:161 loggerEsi/(11618:11618): Se envio el mensaje
[INFO] 05:38:07:161 loggerEsi/(11618:11618): Se enviaron 13 bytes
[INFO] 05:38:07:161 loggerEsi/(11618:11618): Se envio el mensaje
[INFO] 05:38:07:161 loggerEsi/(11618:11618): Se enviaron 4 bytes
[INFO] 05:38:07:161 loggerEsi/(11618:11618): Se envio el mensaje
[INFO] 05:38:07:161 loggerEsi/(11618:11618): Se enviaron 13 bytes
[INFO] 05:38:07:161 loggerEsi/(11618:11618): Se envio el mensaje
[INFO] 05:38:07:161 loggerEsi/(11618:11618): Se enviaron 4 bytes
[INFO] 05:38:07:161 loggerEsi/(11618:11618): Se envio el mensaje
[INFO] 05:38:07:161 loggerEsi/(11618:11618): Se envió  la instruccion: SET futbol:messi TraemeLaCopa
[INFO] 05:38:07:161 loggerEsi/(11618:11618): Se recibieron 4 bytes
[INFO] 05:38:07:161 loggerEsi/(11618:11618): Se recibieron los datos
[INFO] 05:38:07:161 loggerEsi/(11618:11618): Se enviaron 4 bytes
[INFO] 05:38:07:161 loggerEsi/(11618:11618): Se envio el mensaje
[INFO] 05:38:07:161 loggerEsi/(11618:11618): Tengo el gusto de informarle que el script ha sido leido y parseado en todo su esplendor. Espero que haya disfrutado de mi servicio. Saludos 
[INFO] 05:38:07:161 loggerEsi/(11618:11618): Se cierra la conexion con el coordinador
[INFO] 05:38:07:162 loggerEsi/(11618:11618): Se cierra la conexion con el planificador
[INFO] 05:38:07:162 loggerEsi/(11618:11618): Hasta la vista, ESI
[INFO] 05:38:58:881 loggerEsi/(11639:11639): Se recibieron 4 bytes
[INFO] 05:38:58:881 loggerEsi/(11639:11639): Se recibieron los datos
[INFO] 05:38:58:881 loggerEsi/(11639:11639): Se enviaron 4 bytes
[INFO] 05:38:58:881 loggerEsi/(11639:11639): Se envio el mensaje
[INFO] 05:38:58:881 loggerEsi/(11639:11639): Me conecte al Coordinador :)
[INFO] 05:38:58:881 loggerEsi/(11639:11639): Se recibieron 4 bytes
[INFO] 05:38:58:881 loggerEsi/(11639:11639): Se recibieron los datos
[INFO] 05:38:58:881 loggerEsi/(11639:11639): Se enviaron 4 bytes
[INFO] 05:38:58:881 loggerEsi/(11639:11639): Se envio el mensaje
[INFO] 05:38:58:881 loggerEsi/(11639:11639): Me conecte al Planificador :)
[INFO] 05:38:58:881 loggerEsi/(11639:11639): Se recibieron 4 bytes
[INFO] 05:38:58:881 loggerEsi/(11639:11639): Se recibieron los datos
[INFO] 05:38:58:881 loggerEsi/(11639:11639): Se enviaron 4 bytes
[INFO] 05:38:58:881 loggerEsi/(11639:11639): Se envio el mensaje
[INFO] 05:38:58:881 loggerEsi/(11639:11639): Se enviaron 4 bytes
[INFO] 05:38:58:881 loggerEsi/(11639:11639): Se envio el mensaje
[INFO] 05:38:58:881 loggerEsi/(11639:11639): Se enviaron 13 bytes
[INFO] 05:38:58:881 loggerEsi/(11639:11639): Se envio el mensaje
[INFO] 05:38:58:881 loggerEsi/(11639:11639): Se enviaron 4 bytes
[INFO] 05:38:58:881 loggerEsi/(11639:11639): Se envio el mensaje
[INFO] 05:38:58:881 loggerEsi/(11639:11639): Se enviaron 13 bytes
[INFO] 05:38:58:881 loggerEsi/(11639:11639): Se envio el mensaje
[INFO] 05:38:58:881 loggerEsi/(11639:11639): Se enviaron 4 bytes
[INFO] 05:38:58:882 loggerEsi/(11639:11639): Se envio el mensaje
[INFO] 05:38:58:882 loggerEsi/(11639:11639): Se envió  la instruccion: SET futbol:messi TraemeLaCopa
[INFO] 05:38:58:882 loggerEsi/(11639:11639): Se recibieron 4 bytes
[INFO] 05:38:58:882 loggerEsi/(11639:11639): Se recibieron los datos
[INFO] 05:38:58:882 loggerEsi/(11639:11639): Se enviaron 4 bytes
[INFO] 05:38:58:882 loggerEsi/(11639:11639): Se envio el mensaje
[INFO] 05:38:58:882 loggerEsi/(11639:11639): Tengo el gusto de informarle que el script ha sido leido y parseado en todo su esplendor. Espero que haya disfrutado de mi servicio. Saludos 
[INFO] 05:38:58:882 loggerEsi/(11639:11639): Se cierra la conexion con el coordinador
[INFO] 05:38:58:882 loggerEsi/(11639:11639): Se cierra la conexion con el planificador
[INFO] 05:38:58:882 loggerEsi/(11639:11639): Hasta la vista, ESI
