[INFO] 04:53:00:649 loggerPlani/(10576:10576): Se recibieron 4 bytes
[INFO] 04:53:00:649 loggerPlani/(10576:10576): Se recibieron los datos
[INFO] 04:53:00:649 loggerPlani/(10576:10576): Se enviaron 4 bytes
[INFO] 04:53:00:650 loggerPlani/(10576:10576): Se envio el mensaje
[INFO] 05:00:32:912 loggerPlani/(10576:10582): se conecto un esi
[INFO] 05:00:32:920 loggerPlani/(10576:10582): Se enviaron 4 bytes
[INFO] 05:00:32:921 loggerPlani/(10576:10582): Se envio el mensaje
[INFO] 05:00:32:922 loggerPlani/(10576:10582): Se recibieron 4 bytes
[INFO] 05:00:32:922 loggerPlani/(10576:10582): Se recibieron los datos
[INFO] 05:00:32:922 loggerPlani/(10576:10576): Se enviaron 4 bytes
[INFO] 05:00:32:922 loggerPlani/(10576:10576): Se envio el mensaje
[INFO] 05:00:32:931 loggerPlani/(10576:10576): Se recibieron 4 bytes
[INFO] 05:00:32:932 loggerPlani/(10576:10576): Se recibieron los datos
[INFO] 05:00:32:932 loggerPlani/(10576:10576): Se envio accion al esi 0
[INFO] 05:00:32:932 loggerPlani/(10576:10576): Se enviaron 4 bytes
[INFO] 05:00:32:932 loggerPlani/(10576:10576): Se envio el mensaje
[INFO] 05:00:32:937 loggerPlani/(10576:10576): Se recibieron 4 bytes
[INFO] 05:00:32:937 loggerPlani/(10576:10576): Se recibieron los datos
[INFO] 05:00:32:937 loggerPlani/(10576:10576): Se envio accion al esi 0
[INFO] 05:00:32:937 loggerPlani/(10576:10576): Se enviaron 4 bytes
[INFO] 05:00:32:937 loggerPlani/(10576:10576): Se envio el mensaje
[INFO] 05:00:32:938 loggerPlani/(10576:10576): Se recibieron 4 bytes
[INFO] 05:00:32:938 loggerPlani/(10576:10576): Se recibieron los datos
[INFO] 05:00:32:938 loggerPlani/(10576:10576): termino el esi 0
[INFO] 05:01:55:309 loggerPlani/(10912:10912): Se recibieron 4 bytes
[INFO] 05:01:55:309 loggerPlani/(10912:10912): Se recibieron los datos
[INFO] 05:01:55:309 loggerPlani/(10912:10912): Se enviaron 4 bytes
[INFO] 05:01:55:311 loggerPlani/(10912:10912): Se envio el mensaje
[INFO] 05:02:42:654 loggerPlani/(10912:10918): se conecto un esi
[INFO] 05:02:42:654 loggerPlani/(10912:10918): Se enviaron 4 bytes
[INFO] 05:02:42:654 loggerPlani/(10912:10918): Se envio el mensaje
[INFO] 05:02:42:654 loggerPlani/(10912:10918): Se recibieron 4 bytes
[INFO] 05:02:42:654 loggerPlani/(10912:10918): Se recibieron los datos
[INFO] 05:02:42:654 loggerPlani/(10912:10912): Se enviaron 4 bytes
[INFO] 05:02:42:654 loggerPlani/(10912:10912): Se envio el mensaje
[INFO] 05:02:42:675 loggerPlani/(10912:10912): Se recibieron 4 bytes
[INFO] 05:02:42:675 loggerPlani/(10912:10912): Se recibieron los datos
[INFO] 05:02:42:675 loggerPlani/(10912:10912): Se envio accion al esi 0
[INFO] 05:02:42:675 loggerPlani/(10912:10912): Se enviaron 4 bytes
[INFO] 05:02:42:675 loggerPlani/(10912:10912): Se envio el mensaje
[INFO] 05:02:42:676 loggerPlani/(10912:10912): Se recibieron 4 bytes
[INFO] 05:02:42:676 loggerPlani/(10912:10912): Se recibieron los datos
[INFO] 05:02:42:676 loggerPlani/(10912:10912): Se envio accion al esi 0
[INFO] 05:02:42:676 loggerPlani/(10912:10912): Se enviaron 4 bytes
[INFO] 05:02:42:676 loggerPlani/(10912:10912): Se envio el mensaje
[INFO] 05:02:42:676 loggerPlani/(10912:10912): Se recibieron 4 bytes
[INFO] 05:02:42:676 loggerPlani/(10912:10912): Se recibieron los datos
[INFO] 05:02:42:676 loggerPlani/(10912:10912): termino el esi 0
[INFO] 05:14:13:356 loggerPlani/(11199:11199): Se recibieron 4 bytes
[INFO] 05:14:13:358 loggerPlani/(11199:11199): Se recibieron los datos
[INFO] 05:14:13:359 loggerPlani/(11199:11199): Se enviaron 4 bytes
[INFO] 05:14:13:359 loggerPlani/(11199:11199): Se envio el mensaje
[INFO] 05:14:51:448 loggerPlani/(11199:11206): se conecto un esi
[INFO] 05:14:51:449 loggerPlani/(11199:11206): Se enviaron 4 bytes
[INFO] 05:14:51:449 loggerPlani/(11199:11206): Se envio el mensaje
[INFO] 05:14:51:449 loggerPlani/(11199:11206): Se recibieron 4 bytes
[INFO] 05:14:51:449 loggerPlani/(11199:11206): Se recibieron los datos
[INFO] 05:14:51:449 loggerPlani/(11199:11199): Se enviaron 4 bytes
[INFO] 05:14:51:449 loggerPlani/(11199:11199): Se envio el mensaje
[INFO] 05:14:51:455 loggerPlani/(11199:11199): Se recibieron 4 bytes
[INFO] 05:14:51:456 loggerPlani/(11199:11199): Se recibieron los datos
[INFO] 05:14:51:456 loggerPlani/(11199:11199): Se envio accion al esi 0
[INFO] 05:14:51:456 loggerPlani/(11199:11199): Se enviaron 4 bytes
[INFO] 05:14:51:456 loggerPlani/(11199:11199): Se envio el mensaje
[INFO] 05:14:51:456 loggerPlani/(11199:11199): Se recibieron 4 bytes
[INFO] 05:14:51:456 loggerPlani/(11199:11199): Se recibieron los datos
[INFO] 05:14:51:456 loggerPlani/(11199:11199): Se envio accion al esi 0
[INFO] 05:14:51:456 loggerPlani/(11199:11199): Se enviaron 4 bytes
[INFO] 05:14:51:456 loggerPlani/(11199:11199): Se envio el mensaje
[INFO] 05:14:51:457 loggerPlani/(11199:11199): Se recibieron 4 bytes
[INFO] 05:14:51:457 loggerPlani/(11199:11199): Se recibieron los datos
[INFO] 05:14:51:457 loggerPlani/(11199:11199): termino el esi 0
[INFO] 05:26:23:687 loggerPlani/(11392:11392): Se recibieron 4 bytes
[INFO] 05:26:23:709 loggerPlani/(11392:11392): Se recibieron los datos
[INFO] 05:26:23:709 loggerPlani/(11392:11392): Se enviaron 4 bytes
[INFO] 05:26:23:709 loggerPlani/(11392:11392): Se envio el mensaje
[INFO] 05:26:51:247 loggerPlani/(11392:11398): se conecto un esi
[INFO] 05:26:51:247 loggerPlani/(11392:11398): Se enviaron 4 bytes
[INFO] 05:26:51:247 loggerPlani/(11392:11398): Se envio el mensaje
[INFO] 05:26:51:248 loggerPlani/(11392:11398): Se recibieron 4 bytes
[INFO] 05:26:51:248 loggerPlani/(11392:11398): Se recibieron los datos
[INFO] 05:26:51:248 loggerPlani/(11392:11392): Se enviaron 4 bytes
[INFO] 05:26:51:248 loggerPlani/(11392:11392): Se envio el mensaje
[INFO] 05:26:51:282 loggerPlani/(11392:11392): Se recibieron 4 bytes
[INFO] 05:26:51:283 loggerPlani/(11392:11392): Se recibieron los datos
[INFO] 05:26:51:283 loggerPlani/(11392:11392): Se envio accion al esi 0
[INFO] 05:26:51:283 loggerPlani/(11392:11392): Se enviaron 4 bytes
[INFO] 05:26:51:283 loggerPlani/(11392:11392): Se envio el mensaje
[INFO] 05:26:51:291 loggerPlani/(11392:11392): Se recibieron 4 bytes
[INFO] 05:26:51:291 loggerPlani/(11392:11392): Se recibieron los datos
[INFO] 05:26:51:292 loggerPlani/(11392:11392): Se envio accion al esi 0
[INFO] 05:26:51:292 loggerPlani/(11392:11392): Se enviaron 4 bytes
[INFO] 05:26:51:292 loggerPlani/(11392:11392): Se envio el mensaje
[INFO] 05:26:51:293 loggerPlani/(11392:11392): Se recibieron 4 bytes
[INFO] 05:26:51:294 loggerPlani/(11392:11392): Se recibieron los datos
[INFO] 05:26:51:294 loggerPlani/(11392:11392): termino el esi 0
[INFO] 05:35:57:970 loggerPlani/(11539:11539): Se recibieron 4 bytes
[INFO] 05:35:58:26 loggerPlani/(11539:11539): Se recibieron los datos
[INFO] 05:35:58:27 loggerPlani/(11539:11539): Se enviaron 4 bytes
[INFO] 05:35:58:28 loggerPlani/(11539:11539): Se envio el mensaje
[INFO] 05:36:23:486 loggerPlani/(11539:11545): se conecto un esi
[INFO] 05:36:23:487 loggerPlani/(11539:11545): Se enviaron 4 bytes
[INFO] 05:36:23:487 loggerPlani/(11539:11545): Se envio el mensaje
[INFO] 05:36:23:487 loggerPlani/(11539:11545): Se recibieron 4 bytes
[INFO] 05:36:23:487 loggerPlani/(11539:11545): Se recibieron los datos
[INFO] 05:36:23:487 loggerPlani/(11539:11539): Se enviaron 4 bytes
[INFO] 05:36:23:487 loggerPlani/(11539:11539): Se envio el mensaje
[INFO] 05:36:23:496 loggerPlani/(11539:11539): Se recibieron 4 bytes
[INFO] 05:36:23:496 loggerPlani/(11539:11539): Se recibieron los datos
[INFO] 05:36:23:496 loggerPlani/(11539:11539): Se envio accion al esi 0
[INFO] 05:36:23:496 loggerPlani/(11539:11539): Se enviaron 4 bytes
[INFO] 05:36:23:496 loggerPlani/(11539:11539): Se envio el mensaje
[INFO] 05:36:23:496 loggerPlani/(11539:11539): Se recibieron 4 bytes
[INFO] 05:36:23:496 loggerPlani/(11539:11539): Se recibieron los datos
[INFO] 05:36:23:496 loggerPlani/(11539:11539): termino el esi 0
[INFO] 05:38:07:159 loggerPlani/(11539:11545): se conecto un esi
[INFO] 05:38:07:159 loggerPlani/(11539:11545): Se enviaron 4 bytes
[INFO] 05:38:07:159 loggerPlani/(11539:11545): Se envio el mensaje
[INFO] 05:38:07:159 loggerPlani/(11539:11545): Se recibieron 4 bytes
[INFO] 05:38:07:159 loggerPlani/(11539:11545): Se recibieron los datos
[INFO] 05:38:07:159 loggerPlani/(11539:11539): Se enviaron 4 bytes
[INFO] 05:38:07:159 loggerPlani/(11539:11539): Se envio el mensaje
[INFO] 05:38:07:160 loggerPlani/(11539:11539): Se recibieron 4 bytes
[INFO] 05:38:07:160 loggerPlani/(11539:11539): Se recibieron los datos
[INFO] 05:38:07:160 loggerPlani/(11539:11539): Se envio accion al esi 1
[INFO] 05:38:07:160 loggerPlani/(11539:11539): Se enviaron 4 bytes
[INFO] 05:38:07:160 loggerPlani/(11539:11539): Se envio el mensaje
[INFO] 05:38:07:161 loggerPlani/(11539:11539): Se recibieron 4 bytes
[INFO] 05:38:07:161 loggerPlani/(11539:11539): Se recibieron los datos
[INFO] 05:38:07:161 loggerPlani/(11539:11539): Se envio accion al esi 1
[INFO] 05:38:07:161 loggerPlani/(11539:11539): Se enviaron 4 bytes
[INFO] 05:38:07:161 loggerPlani/(11539:11539): Se envio el mensaje
[INFO] 05:38:07:161 loggerPlani/(11539:11539): Se recibieron 4 bytes
[INFO] 05:38:07:161 loggerPlani/(11539:11539): Se recibieron los datos
[INFO] 05:38:07:161 loggerPlani/(11539:11539): termino el esi 1
[INFO] 05:38:58:881 loggerPlani/(11539:11545): se conecto un esi
[INFO] 05:38:58:881 loggerPlani/(11539:11545): Se enviaron 4 bytes
[INFO] 05:38:58:881 loggerPlani/(11539:11545): Se envio el mensaje
[INFO] 05:38:58:881 loggerPlani/(11539:11545): Se recibieron 4 bytes
[INFO] 05:38:58:881 loggerPlani/(11539:11545): Se recibieron los datos
[INFO] 05:38:58:881 loggerPlani/(11539:11539): Se enviaron 4 bytes
[INFO] 05:38:58:881 loggerPlani/(11539:11539): Se envio el mensaje
[INFO] 05:38:58:882 loggerPlani/(11539:11539): Se recibieron 4 bytes
[INFO] 05:38:58:882 loggerPlani/(11539:11539): Se recibieron los datos
[INFO] 05:38:58:882 loggerPlani/(11539:11539): Se envio accion al esi 2
[INFO] 05:38:58:882 loggerPlani/(11539:11539): Se enviaron 4 bytes
[INFO] 05:38:58:882 loggerPlani/(11539:11539): Se envio el mensaje
[INFO] 05:38:58:882 loggerPlani/(11539:11539): Se recibieron 4 bytes
[INFO] 05:38:58:882 loggerPlani/(11539:11539): Se recibieron los datos
[INFO] 05:38:58:882 loggerPlani/(11539:11539): termino el esi 2
[ERROR] 21:28:09:543 loggerPlani/(10114:10114): No me pude conectar al servidor
[ERROR] 21:28:09:546 loggerPlani/(10114:10114): ERROR AL RECIBIR
[ERROR] 21:28:09:546 loggerPlani/(10114:10114): ERROR AL ENVIAR
[INFO] 22:08:03:293 loggerPlani/(11122:11122): Se recibieron 4 bytes
[INFO] 22:08:03:296 loggerPlani/(11122:11122): Se recibieron los datos
[INFO] 22:08:03:296 loggerPlani/(11122:11122): Se enviaron 4 bytes
[INFO] 22:08:03:296 loggerPlani/(11122:11122): Se envio el mensaje
[INFO] 22:08:14:920 loggerPlani/(11122:11129): se conecto un esi
[INFO] 22:08:14:920 loggerPlani/(11122:11129): Se enviaron 4 bytes
[INFO] 22:08:14:920 loggerPlani/(11122:11129): Se envio el mensaje
[INFO] 22:08:14:920 loggerPlani/(11122:11129): Se recibieron 4 bytes
[INFO] 22:08:14:920 loggerPlani/(11122:11129): Se recibieron los datos
[INFO] 22:08:14:920 loggerPlani/(11122:11122): Se enviaron 4 bytes
[INFO] 22:08:14:920 loggerPlani/(11122:11122): Se envio el mensaje
[INFO] 22:08:14:932 loggerPlani/(11122:11122): Se recibieron 4 bytes
[INFO] 22:08:14:932 loggerPlani/(11122:11122): Se recibieron los datos
[INFO] 22:08:14:932 loggerPlani/(11122:11122): Se envio accion al esi 0
[INFO] 22:08:14:932 loggerPlani/(11122:11122): Se enviaron 4 bytes
[INFO] 22:08:14:932 loggerPlani/(11122:11122): Se envio el mensaje
[INFO] 22:08:14:934 loggerPlani/(11122:11122): Se recibieron 4 bytes
[INFO] 22:08:14:934 loggerPlani/(11122:11122): Se recibieron los datos
[INFO] 22:08:14:934 loggerPlani/(11122:11122): Se envio accion al esi 0
[INFO] 22:08:14:935 loggerPlani/(11122:11122): Se enviaron 4 bytes
[INFO] 22:08:14:935 loggerPlani/(11122:11122): Se envio el mensaje
[INFO] 22:08:14:935 loggerPlani/(11122:11122): Se recibieron 4 bytes
[INFO] 22:08:14:935 loggerPlani/(11122:11122): Se recibieron los datos
[INFO] 22:08:14:935 loggerPlani/(11122:11122): Se envio accion al esi 0
[INFO] 22:08:14:935 loggerPlani/(11122:11122): Se enviaron 4 bytes
[INFO] 22:08:14:936 loggerPlani/(11122:11122): Se envio el mensaje
[INFO] 22:08:14:936 loggerPlani/(11122:11122): Se recibieron 4 bytes
[INFO] 22:08:14:936 loggerPlani/(11122:11122): Se recibieron los datos
[INFO] 22:08:14:936 loggerPlani/(11122:11122): termino el esi 0
[INFO] 22:09:18:322 loggerPlani/(11122:11129): se conecto un esi
[INFO] 22:09:18:322 loggerPlani/(11122:11129): Se enviaron 4 bytes
[INFO] 22:09:18:322 loggerPlani/(11122:11129): Se envio el mensaje
[INFO] 22:09:18:322 loggerPlani/(11122:11129): Se recibieron 4 bytes
[INFO] 22:09:18:322 loggerPlani/(11122:11129): Se recibieron los datos
[INFO] 22:09:18:322 loggerPlani/(11122:11122): Se enviaron 4 bytes
[INFO] 22:09:18:322 loggerPlani/(11122:11122): Se envio el mensaje
[INFO] 22:09:18:329 loggerPlani/(11122:11122): Se recibieron 4 bytes
[INFO] 22:09:18:329 loggerPlani/(11122:11122): Se recibieron los datos
[INFO] 22:09:18:329 loggerPlani/(11122:11122): Se envio accion al esi 1
[INFO] 22:09:18:329 loggerPlani/(11122:11122): Se enviaron 4 bytes
[INFO] 22:09:18:329 loggerPlani/(11122:11122): Se envio el mensaje
[INFO] 22:09:18:330 loggerPlani/(11122:11122): Se recibieron 4 bytes
[INFO] 22:09:18:330 loggerPlani/(11122:11122): Se recibieron los datos
[INFO] 22:09:18:330 loggerPlani/(11122:11122): Se envio accion al esi 1
[INFO] 22:09:18:331 loggerPlani/(11122:11122): Se enviaron 4 bytes
[INFO] 22:09:18:331 loggerPlani/(11122:11122): Se envio el mensaje
[INFO] 22:09:18:332 loggerPlani/(11122:11122): Se recibieron 4 bytes
[INFO] 22:09:18:332 loggerPlani/(11122:11122): Se recibieron los datos
[INFO] 22:09:18:332 loggerPlani/(11122:11122): Se envio accion al esi 1
[INFO] 22:09:18:332 loggerPlani/(11122:11122): Se enviaron 4 bytes
[INFO] 22:09:18:332 loggerPlani/(11122:11122): Se envio el mensaje
[INFO] 22:09:18:333 loggerPlani/(11122:11122): Se recibieron 4 bytes
[INFO] 22:09:18:333 loggerPlani/(11122:11122): Se recibieron los datos
[INFO] 22:09:18:333 loggerPlani/(11122:11122): termino el esi 1
[INFO] 22:10:07:965 loggerPlani/(11122:11129): se conecto un esi
[INFO] 22:10:07:965 loggerPlani/(11122:11129): Se enviaron 4 bytes
[INFO] 22:10:07:965 loggerPlani/(11122:11129): Se envio el mensaje
[INFO] 22:10:07:965 loggerPlani/(11122:11129): Se recibieron 4 bytes
[INFO] 22:10:07:965 loggerPlani/(11122:11129): Se recibieron los datos
[INFO] 22:10:07:966 loggerPlani/(11122:11122): Se enviaron 4 bytes
[INFO] 22:10:07:966 loggerPlani/(11122:11122): Se envio el mensaje
[INFO] 22:10:07:968 loggerPlani/(11122:11122): Se recibieron 4 bytes
[INFO] 22:10:07:968 loggerPlani/(11122:11122): Se recibieron los datos
[INFO] 22:10:07:968 loggerPlani/(11122:11122): Se envio accion al esi 2
[INFO] 22:10:07:968 loggerPlani/(11122:11122): Se enviaron 4 bytes
[INFO] 22:10:07:968 loggerPlani/(11122:11122): Se envio el mensaje
[INFO] 22:10:07:970 loggerPlani/(11122:11122): Se recibieron 4 bytes
[INFO] 22:10:07:970 loggerPlani/(11122:11122): Se recibieron los datos
[INFO] 22:10:07:970 loggerPlani/(11122:11122): Se envio accion al esi 2
[INFO] 22:10:07:970 loggerPlani/(11122:11122): Se enviaron 4 bytes
[INFO] 22:10:07:970 loggerPlani/(11122:11122): Se envio el mensaje
[INFO] 22:10:07:972 loggerPlani/(11122:11122): Se recibieron 4 bytes
[INFO] 22:10:07:972 loggerPlani/(11122:11122): Se recibieron los datos
[INFO] 22:10:07:973 loggerPlani/(11122:11122): Se envio accion al esi 2
[INFO] 22:10:07:973 loggerPlani/(11122:11122): Se enviaron 4 bytes
[INFO] 22:10:07:973 loggerPlani/(11122:11122): Se envio el mensaje
[INFO] 22:10:07:979 loggerPlani/(11122:11122): Se recibieron 4 bytes
[INFO] 22:10:07:979 loggerPlani/(11122:11122): Se recibieron los datos
[INFO] 22:10:07:979 loggerPlani/(11122:11122): termino el esi 2
[INFO] 22:10:14:814 loggerPlani/(11122:11129): se conecto un esi
[INFO] 22:10:14:814 loggerPlani/(11122:11129): Se enviaron 4 bytes
[INFO] 22:10:14:814 loggerPlani/(11122:11129): Se envio el mensaje
[INFO] 22:10:14:814 loggerPlani/(11122:11129): Se recibieron 4 bytes
[INFO] 22:10:14:814 loggerPlani/(11122:11129): Se recibieron los datos
[INFO] 22:10:14:814 loggerPlani/(11122:11122): Se enviaron 4 bytes
[INFO] 22:10:14:814 loggerPlani/(11122:11122): Se envio el mensaje
[INFO] 22:10:14:815 loggerPlani/(11122:11122): Se recibieron 4 bytes
[INFO] 22:10:14:815 loggerPlani/(11122:11122): Se recibieron los datos
[INFO] 22:10:14:815 loggerPlani/(11122:11122): Se envio accion al esi 3
[INFO] 22:10:14:815 loggerPlani/(11122:11122): Se enviaron 4 bytes
[INFO] 22:10:14:815 loggerPlani/(11122:11122): Se envio el mensaje
[INFO] 22:10:14:817 loggerPlani/(11122:11122): Se recibieron 4 bytes
[INFO] 22:10:14:817 loggerPlani/(11122:11122): Se recibieron los datos
[INFO] 22:10:14:817 loggerPlani/(11122:11122): Se envio accion al esi 3
[INFO] 22:10:14:817 loggerPlani/(11122:11122): Se enviaron 4 bytes
[INFO] 22:10:14:817 loggerPlani/(11122:11122): Se envio el mensaje
[INFO] 22:10:14:818 loggerPlani/(11122:11122): Se recibieron 4 bytes
[INFO] 22:10:14:818 loggerPlani/(11122:11122): Se recibieron los datos
[INFO] 22:10:14:818 loggerPlani/(11122:11122): Se envio accion al esi 3
[INFO] 22:10:14:818 loggerPlani/(11122:11122): Se enviaron 4 bytes
[INFO] 22:10:14:819 loggerPlani/(11122:11122): Se envio el mensaje
[INFO] 22:10:14:820 loggerPlani/(11122:11122): Se recibieron 4 bytes
[INFO] 22:10:14:820 loggerPlani/(11122:11122): Se recibieron los datos
[INFO] 22:10:14:820 loggerPlani/(11122:11122): termino el esi 3
[INFO] 22:10:32:319 loggerPlani/(11122:11129): se conecto un esi
[INFO] 22:10:32:319 loggerPlani/(11122:11129): Se enviaron 4 bytes
[INFO] 22:10:32:319 loggerPlani/(11122:11129): Se envio el mensaje
[INFO] 22:10:32:320 loggerPlani/(11122:11129): Se recibieron 4 bytes
[INFO] 22:10:32:320 loggerPlani/(11122:11129): Se recibieron los datos
[INFO] 22:10:58:403 loggerPlani/(11122:11129): se conecto un esi
[INFO] 22:10:58:403 loggerPlani/(11122:11129): Se enviaron 4 bytes
[INFO] 22:10:58:403 loggerPlani/(11122:11129): Se envio el mensaje
[INFO] 22:10:58:404 loggerPlani/(11122:11129): Se recibieron 4 bytes
[INFO] 22:10:58:404 loggerPlani/(11122:11129): Se recibieron los datos
[INFO] 22:11:06:170 loggerPlani/(11122:11122): Se enviaron 4 bytes
[INFO] 22:11:06:171 loggerPlani/(11122:11122): Se envio el mensaje
[INFO] 22:11:06:171 loggerPlani/(11122:11122): Se recibieron 4 bytes
[INFO] 22:11:06:171 loggerPlani/(11122:11122): Se recibieron los datos
[INFO] 22:11:06:172 loggerPlani/(11122:11122): Se envio accion al esi 4
[INFO] 22:11:06:172 loggerPlani/(11122:11122): Se enviaron 4 bytes
[INFO] 22:11:06:172 loggerPlani/(11122:11122): Se envio el mensaje
[INFO] 22:11:06:175 loggerPlani/(11122:11122): Se recibieron 4 bytes
[INFO] 22:11:06:175 loggerPlani/(11122:11122): Se recibieron los datos
[INFO] 22:11:06:175 loggerPlani/(11122:11122): Se envio accion al esi 4
[INFO] 22:11:06:175 loggerPlani/(11122:11122): Se enviaron 4 bytes
[INFO] 22:11:06:176 loggerPlani/(11122:11122): Se envio el mensaje
[INFO] 22:11:06:176 loggerPlani/(11122:11122): Se recibieron 4 bytes
[INFO] 22:11:06:176 loggerPlani/(11122:11122): Se recibieron los datos
[INFO] 22:11:06:176 loggerPlani/(11122:11122): Se envio accion al esi 4
[INFO] 22:11:06:177 loggerPlani/(11122:11122): Se enviaron 4 bytes
[INFO] 22:11:06:177 loggerPlani/(11122:11122): Se envio el mensaje
[INFO] 22:11:06:177 loggerPlani/(11122:11122): Se recibieron 4 bytes
[INFO] 22:11:06:177 loggerPlani/(11122:11122): Se recibieron los datos
[INFO] 22:11:06:177 loggerPlani/(11122:11122): termino el esi 4
[INFO] 22:11:06:177 loggerPlani/(11122:11122): Se enviaron 4 bytes
[INFO] 22:11:06:180 loggerPlani/(11122:11122): Se envio el mensaje
[INFO] 22:11:06:180 loggerPlani/(11122:11122): Se recibieron 4 bytes
[INFO] 22:11:06:180 loggerPlani/(11122:11122): Se recibieron los datos
[INFO] 22:11:06:180 loggerPlani/(11122:11122): Se envio accion al esi 5
[INFO] 22:11:06:180 loggerPlani/(11122:11122): Se enviaron 4 bytes
[INFO] 22:11:06:181 loggerPlani/(11122:11122): Se envio el mensaje
[INFO] 22:11:06:181 loggerPlani/(11122:11122): Se recibieron 4 bytes
[INFO] 22:11:06:181 loggerPlani/(11122:11122): Se recibieron los datos
[INFO] 22:11:06:181 loggerPlani/(11122:11122): Se envio accion al esi 5
[INFO] 22:11:06:182 loggerPlani/(11122:11122): Se enviaron 4 bytes
[INFO] 22:11:06:182 loggerPlani/(11122:11122): Se envio el mensaje
[INFO] 22:11:06:182 loggerPlani/(11122:11122): Se recibieron 4 bytes
[INFO] 22:11:06:182 loggerPlani/(11122:11122): Se recibieron los datos
[INFO] 22:11:06:182 loggerPlani/(11122:11122): Se envio accion al esi 5
[INFO] 22:11:06:183 loggerPlani/(11122:11122): Se enviaron 4 bytes
[INFO] 22:11:06:183 loggerPlani/(11122:11122): Se envio el mensaje
[INFO] 22:11:06:183 loggerPlani/(11122:11122): Se recibieron 4 bytes
[INFO] 22:11:06:183 loggerPlani/(11122:11122): Se recibieron los datos
[INFO] 22:11:06:183 loggerPlani/(11122:11122): termino el esi 5
